Case #1:
GGG
CCC
JJJ
Case #2:
CODE
JJAM
JJAM
Case #3:
CA
KE
Case #4:
AAAAAAAAAAACCCCCCCCCCCCCC
AAAAAAAAAAACCCCCCCCCCCCCC
AAAAAAAAAAACCCCCCCCCCCCCC
AAAAAAAAAAACCCCCCCCCCCCCC
AAAAAAAAAAACCCCCCCCCCCCCC
AAAAAAAAAAACCCCCCCCCCCCCC
AAAAAAAAAAACCCCCCCCCCCCCC
AAAAAAAAAAACCCCCCCCCCCCCC
AAAAAAAAAAACCCCCCCCCCCCCC
AAAAAAAAAAACCCCCCCCCCCCCC
EEEEEEEEEEEEEEEEEEEEEEEEE
BBBBBBBBBBBDDDDDDDDDDDDDD
BBBBBBBBBBBDDDDDDDDDDDDDD
BBBBBBBBBBBDDDDDDDDDDDDDD
BBBBBBBBBBBDDDDDDDDDDDDDD
BBBBBBBBBBBDDDDDDDDDDDDDD
BBBBBBBBBBBDDDDDDDDDDDDDD
BBBBBBBBBBBDDDDDDDDDDDDDD
BBBBBBBBBBBDDDDDDDDDDDDDD
BBBBBBBBBBBDDDDDDDDDDDDDD
BBBBBBBBBBBDDDDDDDDDDDDDD
BBBBBBBBBBBDDDDDDDDDDDDDD
BBBBBBBBBBBDDDDDDDDDDDDDD
BBBBBBBBBBBDDDDDDDDDDDDDD
BBBBBBBBBBBDDDDDDDDDDDDDD
Case #5:
IIMMMMMMMMMMMMMMMMMMMMMMM
DWWBBBBBBBBBUUUUUUUUUUUUU
DWWBBBBBBBBBUUUUUUUUUUUUU
DWWBBBBBBBBBUUUUUUUUUUUUU
VVVVVVVVVVVVVVVVVVVVVVVVV
GPPPPPPPPPPPPPPPPPPPPPPPP
QQQQQQQQQQQQQQQQQQQQQQQQQ
JJOOOOOOOOOOOOOOOOOOOOOOO
LLLLLLLLLLLLLLLLLLLLLLLLL
ZZZZZZZZZZZZZZZZZZZZZZZZZ
TTTTTTTTTTTTTKKKKKKKKKKKK
EEEEEEEEEEEEESSSSSSSSSSSS
EEEEEEEEEEEEESSSSSSSSSSSS
EEEEEEEEEEEEESSSSSSSSSSSS
FFFFFFFFFFFFFFFFFFFFFFFFF
XXXXXXXXXXXXXXXXXXXXXXXXX
XXXXXXXXXXXXXXXXXXXXXXXXX
RRRRRRRRRRRRRRRRRRRRRRRRR
YYYYYYYYYHHHHHHHHHHHHHHHH
YYYYYYYYYHHHHHHHHHHHHHHHH
YYYYYYYYYHHHHHHHHHHHHHHHH
CCCCCCAAAAAANNNNNNNNNNNNN
CCCCCCAAAAAANNNNNNNNNNNNN
CCCCCCAAAAAANNNNNNNNNNNNN
CCCCCCAAAAAANNNNNNNNNNNNN
Case #6:
VVVVVVVVVVVVVVVVVVVVVVVVV
VVVVVVVVVVVVVVVVVVVVVVVVV
VVVVVVVVVVVVVVVVVVVVVVVVV
VVVVVVVVVVVVVVVVVVVVVVVVV
VVVVVVVVVVVVVVVVVVVVVVVVV
VVVVVVVVVVVVVVVVVVVVVVVVV
VVVVVVVVVVVVVVVVVVVVVVVVV
VVVVVVVVVVVVVVVVVVVVVVVVV
VVVVVVVVVVVVVVVVVVVVVVVVV
VVVVVVVVVVVVVVVVVVVVVVVVV
VVVVVVVVVVVVVVVVVVVVVVVVV
VVVVVVVVVVVVVVVVVVVVVVVVV
VVVVVVVVVVVVVVVVVVVVVVVVV
VVVVVVVVVVVVVVVVVVVVVVVVV
VVVVVVVVVVVVVVVVVVVVVVVVV
VVVVVVVVVVVVVVVVVVVVVVVVV
WWGGGGGGGGGGGGGGGGGGGGGGG
LLLRRYYYYYYYYYYYYYYYYYYYY
HANNJQCCCCCCCCCCCCCCCCCCC
TTTEEBBBBBBBBBBBBBBBBBBBB
POOOOOOOOOOOOOOOOOOOOOOOO
UZZZXXFFFFFFFFFFFFFFFFFFF
KKIMSSSSSSSSSSSSSSSSSSSSS
DDDDDDDDDDDDDDDDDDDDDDDDD
DDDDDDDDDDDDDDDDDDDDDDDDD
Case #7:
AAAAAACCCCCCCCCCCCCCCCCCC
AAAAAACCCCCCCCCCCCCCCCCCC
AAAAAACCCCCCCCCCCCCCCCCCC
AAAAAACCCCCCCCCCCCCCCCCCC
EEEEEEEEEEEEEEEEEEEEEEEEE
BBBBBBDDDDDDDDDDDDDDDDDDD
BBBBBBDDDDDDDDDDDDDDDDDDD
BBBBBBDDDDDDDDDDDDDDDDDDD
BBBBBBDDDDDDDDDDDDDDDDDDD
BBBBBBDDDDDDDDDDDDDDDDDDD
BBBBBBDDDDDDDDDDDDDDDDDDD
BBBBBBDDDDDDDDDDDDDDDDDDD
BBBBBBDDDDDDDDDDDDDDDDDDD
BBBBBBDDDDDDDDDDDDDDDDDDD
BBBBBBDDDDDDDDDDDDDDDDDDD
BBBBBBDDDDDDDDDDDDDDDDDDD
BBBBBBDDDDDDDDDDDDDDDDDDD
BBBBBBDDDDDDDDDDDDDDDDDDD
BBBBBBDDDDDDDDDDDDDDDDDDD
BBBBBBDDDDDDDDDDDDDDDDDDD
BBBBBBDDDDDDDDDDDDDDDDDDD
BBBBBBDDDDDDDDDDDDDDDDDDD
BBBBBBDDDDDDDDDDDDDDDDDDD
BBBBBBDDDDDDDDDDDDDDDDDDD
BBBBBBDDDDDDDDDDDDDDDDDDD
Case #8:
CCCCCCCCCCCCCCCCCCCCCCCCC
CCCCCCCCCCCCCCCCCCCCCCCCC
CCCCCCCCCCCCCCCCCCCCCCCCC
CCCCCCCCCCCCCCCCCCCCCCCCC
CCCCCCCCCCCCCCCCCCCCCCCCC
CCCCCCCCCCCCCCCCCCCCCCCCC
CCCCCCCCCCCCCCCCCCCCCCCCC
CCCCCCCCCCCCCCCCCCCCCCCCC
CCCCCCCCCCCCCCCCCCCCCCCCC
CCCCCCCCCCCCCCCCCCCCCCCCC
CCCCCCCCCCCCCCCCCCCCCCCCC
CCCCCCCCCCCCCCCCCCCCCCCCC
OOKKKKKKKKKKKKKKKKKKKKKKK
GGRSSSSSSSSSSSSSSSSSSSSSS
AAAAAAAAAAAAAAAAAAAAAAAAA
DDDDDDDDDDDDDDDDDDDDDDDDD
ZZZZZZZZZZZZZZZZZZZZZZZZZ
HHQQQQQQQQQQQQQQQQQQQQQQQ
UUUTTTTVVVVVVVVVVVVVVVVVV
EEEEEEEELLLLLLLLLLLLLLLLL
MMMMMMMMMMMMMMMMMMMMMMMMM
MMMMMMMMMMMMMMMMMMMMMMMMM
YYYYYYYIIIIIIIIIIIIIIIIII
BFNNNNNNNNWWWWWWWWWWWWWWW
JJJJJJPPPXXXXXXXXXXXXXXXX
Case #9:
K
J
F
F
E
G
G
B
M
C
C
D
H
L
L
L
I
A
A
A
A
A
A
A
A
Case #10:
AAAAAAAACCCCCCCCCCCCCCCCC
AAAAAAAACCCCCCCCCCCCCCCCC
AAAAAAAACCCCCCCCCCCCCCCCC
AAAAAAAACCCCCCCCCCCCCCCCC
AAAAAAAACCCCCCCCCCCCCCCCC
AAAAAAAACCCCCCCCCCCCCCCCC
AAAAAAAACCCCCCCCCCCCCCCCC
EEEEEEEEEEEEEEEEEEEEEEEEE
BBBBBBBBDDDDDDDDDDDDDDDDD
BBBBBBBBDDDDDDDDDDDDDDDDD
BBBBBBBBDDDDDDDDDDDDDDDDD
BBBBBBBBDDDDDDDDDDDDDDDDD
FFFFFFFFFFFFFFFFFGGGGGGGG
FFFFFFFFFFFFFFFFFGGGGGGGG
FFFFFFFFFFFFFFFFFGGGGGGGG
FFFFFFFFFFFFFFFFFGGGGGGGG
FFFFFFFFFFFFFFFFFGGGGGGGG
FFFFFFFFFFFFFFFFFGGGGGGGG
FFFFFFFFFFFFFFFFFGGGGGGGG
HHHHHHHHHHHHHHHHHHHHHHHHH
IIIIIIIIIIIIIIIIIIIIIIIII
JJJJJJJJJJJJJJJJJJJJJJJJJ
JJJJJJJJJJJJJJJJJJJJJJJJJ
JJJJJJJJJJJJJJJJJJJJJJJJJ
JJJJJJJJJJJJJJJJJJJJJJJJJ
Case #11:
AA
BB
Case #12:
FFFFFFFFFFFFFFFFFFFFFFFFF
UUUUUUUUUUUUUUUUUUUUUUUUU
NNNNNNNNNNNGGGGGGGGGGGGGG
HHHHHHHHHHHHHHHPPPPPPPPPP
KKKKKKKKKKKKKKKKKKKKKKKKK
RRRRRRRRRRRRRRRRRRRRRRRRR
CCCCCCCCCCCCCCCCCCCCCCCCC
MMMMMMMSSSSSSSSSSSSSSSSSS
MMMMMMMSSSSSSSSSSSSSSSSSS
AAAAAAAAAAAAAAAAAAAAAAAAA
EEEOOOOOOOOOOOOOOOOOOOOOO
EEEOOOOOOOOOOOOOOOOOOOOOO
YYYYYYYYYYYYYYYYYYYYYYTTT
YYYYYYYYYYYYYYYYYYYYYYTTT
DDDDDDDDQQQQQQQQQQQQQQQQQ
BBBBBBBBBBBBBBBBBBBBBBBBB
BBBBBBBBBBBBBBBBBBBBBBBBB
BBBBBBBBBBBBBBBBBBBBBBBBB
JJJJJJJJJJJJJJJJJJJJJJJJJ
XXXXXXXXXXXXXXXXXXXXXXXXX
WWWZZZZZZZZZZZZZZZZZZZZZZ
VVVVVVVVVVVVVVVVVVVVVVVVV
LLLLLLLLLLLLLLLLLLLLLLLLL
IIIIIIIIIIIIIIIIIIIIIIIII
IIIIIIIIIIIIIIIIIIIIIIIII
Case #13:
DDDDDDDDDDDDDDDDDDDDDDDDD
DDDDDDDDDDDDDDDDDDDDDDDDD
CCCCCCCCCCCCCCCCCCCCCCCCC
QQQQQQQQQQHHHHHHHSSSSSSSS
LLLLLLLLLLLLLLLLLLLLLLLLL
XXXXXXXXXXXXXXXXXXXXXXXXX
GGGGGGGBBBBBBBBBBBBBBBBBB
GGGGGGGBBBBBBBBBBBBBBBBBB
GGGGGGGBBBBBBBBBBBBBBBBBB
YYYYYYYAAAAAAAAAAAAAAAAAA
JJJJJJJJJJJJJJJJJJJJJJJJJ
EEEEEEEEEEEEEEEEEEEEEEEEE
EEEEEEEEEEEEEEEEEEEEEEEEE
RRRRRRRRRRRRRRRRRRRRRRRRR
MMMMMMMMMMUUUUUUUUUUUUUUU
OOOOOOOOOOOTTTTTTTTTTTTTT
FFFFFFFFFNNNNNNNNNNNNNNNN
KKKKKKKKKKKKKKKKKKKKKKKKK
KKKKKKKKKKKKKKKKKKKKKKKKK
VVVVVVVVVVVVVVVVVVVVVVVVV
VVVVVVVVVVVVVVVVVVVVVVVVV
IIIIIIIIIIIIIIIIIIIIIIIII
WWWWWWWWWWWWWWWWWWWWWWWWW
PPPPPPPPPPPPZZZZZZZZZZZZZ
PPPPPPPPPPPPZZZZZZZZZZZZZ
Case #14:
AAAABBBBBBBBBBBBBBBBBBBBB
AAAABBBBBBBBBBBBBBBBBBBBB
AAAABBBBBBBBBBBBBBBBBBBBB
AAAABBBBBBBBBBBBBBBBBBBBB
AAAABBBBBBBBBBBBBBBBBBBBB
AAAABBBBBBBBBBBBBBBBBBBBB
CCCCCCCCCCCCCCCCCCCCCCCCC
DDDDDDDDDDDDDDDDDDDDDDDDD
EEEEEEEEEEEEEEEEEEEEEEEEE
EEEEEEEEEEEEEEEEEEEEEEEEE
EEEEEEEEEEEEEEEEEEEEEEEEE
EEEEEEEEEEEEEEEEEEEEEEEEE
EEEEEEEEEEEEEEEEEEEEEEEEE
EEEEEEEEEEEEEEEEEEEEEEEEE
EEEEEEEEEEEEEEEEEEEEEEEEE
EEEEEEEEEEEEEEEEEEEEEEEEE
EEEEEEEEEEEEEEEEEEEEEEEEE
EEEEEEEEEEEEEEEEEEEEEEEEE
EEEEEEEEEEEEEEEEEEEEEEEEE
EEEEEEEEEEEEEEEEEEEEEEEEE
EEEEEEEEEEEEEEEEEEEEEEEEE
EEEEEEEEEEEEEEEEEEEEEEEEE
EEEEEEEEEEEEEEEEEEEEEEEEE
EEEEEEEEEEEEEEEEEEEEEEEEE
EEEEEEEEEEEEEEEEEEEEEEEEE
Case #15:
AAAAAAAAAAAAAAAAAAAAAAAOO
AAAAAAAAAAAAAAAAAAAAAAAOO
KKKKKKKKKKKKKKKKKKKKKKKKK
HHHHHHHHHHHHHHHHHHHHNNNNN
YYYYYYYYYYYYYYYYYWWVVVTTT
JJJJJJJJJJJJJJJJJCQQQQQQQ
LLLLLLLLLLLLLLLLLMMMMMMMM
XXXXXXXXXXXXXXXXXXXXXXXXX
FFFFFFFFFFFFFFFFFFFPPPPPP
UUUUUUUUUUUUUUUUUUUUUUUUU
SSSSSSSSSSSSSSSSSSSSSSSSS
EEEEEEEEEEEEEEEEEEEERRRGG
BBBBBBBBBBBBBBBBBBBBZZZZZ
BBBBBBBBBBBBBBBBBBBBZZZZZ
IIIIIIIIIIIIIIIIIIIIIIIII
IIIIIIIIIIIIIIIIIIIIIIIII
DDDDDDDDDDDDDDDDDDDDDDDDD
DDDDDDDDDDDDDDDDDDDDDDDDD
DDDDDDDDDDDDDDDDDDDDDDDDD
DDDDDDDDDDDDDDDDDDDDDDDDD
DDDDDDDDDDDDDDDDDDDDDDDDD
DDDDDDDDDDDDDDDDDDDDDDDDD
DDDDDDDDDDDDDDDDDDDDDDDDD
DDDDDDDDDDDDDDDDDDDDDDDDD
DDDDDDDDDDDDDDDDDDDDDDDDD
Case #16:
GGGGGGGGGGGGGGGGGGGGGGGGG
GGGGGGGGGGGGGGGGGGGGGGGGG
YYYYYYYYYYYYYYYNNNNNNNNFF
EEEEEEEEEEEEEEEEEEEEEEEEE
EEEEEEEEEEEEEEEEEEEEEEEEE
KKKKKAAAAAAAAAAAAAAAAAAAA
OOZPPPPPPPPPPPPPPPPPPPPPP
QQQQQQQQQQQQQQQQQQQQQQQQQ
QQQQQQQQQQQQQQQQQQQQQQQQQ
QQQQQQQQQQQQQQQQQQQQQQQQQ
LLLLIIIIIIIIIIIIIIIIIIIII
LLLLIIIIIIIIIIIIIIIIIIIII
LLLLIIIIIIIIIIIIIIIIIIIII
LLLLIIIIIIIIIIIIIIIIIIIII
LLLLIIIIIIIIIIIIIIIIIIIII
VVVVVVVVVVVVVVVVVVVVVVVVV
WWWWWWWWWWWWWWWWWWWWWWWWW
WWWWWWWWWWWWWWWWWWWWWWWWW
HHHHHUUUUUUUUUUUUUUUUUUUU
DDDDRRRBBBBBBBBBBBBBBBBBB
MMMMMMMMMMMMMMMMMMMMMMMMM
MMMMMMMMMMMMMMMMMMMMMMMMM
JJJJCCCCCSXTTTTTTTTTTTTTT
JJJJCCCCCSXTTTTTTTTTTTTTT
JJJJCCCCCSXTTTTTTTTTTTTTT
Case #17:
WWWWWWWWWWWWWWWLLLLLLLLLL
WWWWWWWWWWWWWWWLLLLLLLLLL
WWWWWWWWWWWWWWWLLLLLLLLLL
WWWWWWWWWWWWWWWLLLLLLLLLL
WWWWWWWWWWWWWWWLLLLLLLLLL
WWWWWWWWWWWWWWWLLLLLLLLLL
WWWWWWWWWWWWWWWLLLLLLLLLL
WWWWWWWWWWWWWWWLLLLLLLLLL
WWWWWWWWWWWWWWWLLLLLLLLLL
WWWWWWWWWWWWWWWLLLLLLLLLL
WWWWWWWWWWWWWWWLLLLLLLLLL
VVVVVVVVVVVVVKHHHHHHHHHHH
QQQQQQQQQQQQQXXXGGGGGGGGG
MMMMMMMMMMMMMMMMTBBBBBBBB
IIIIIIIIIIDDCCCCRRRRRRRRR
OOOOOOOOOOOOAAYZFEEEEEEEE
JJJJJJJJJJJJJJUNNNNNNNNNN
SSSSSSSSSSSSSSSSSSSSSSSSS
PPPPPPPPPPPPPPPPPPPPPPPPP
PPPPPPPPPPPPPPPPPPPPPPPPP
PPPPPPPPPPPPPPPPPPPPPPPPP
PPPPPPPPPPPPPPPPPPPPPPPPP
PPPPPPPPPPPPPPPPPPPPPPPPP
PPPPPPPPPPPPPPPPPPPPPPPPP
PPPPPPPPPPPPPPPPPPPPPPPPP
Case #18:
AAAAAAAAAAAAAAAAAAAAAAAAA
BBBBBBBBBBBBBBBBBBBBBBBBB
CCCCCCCCCCCCCCCCCCCCCCCCC
DDDDDDDDDDDDDDDDDDDDDDDDD
EEEEEEEEEEEEEEEEEEEEEEEEE
FFFFFFFFFFFFFFFFFFFFFFFFF
GGGGGGGGGGGGGGGGGGGGGGGGG
HHHHHHHHHHHHHHHHHHHHHHHHH
IIIIIIIIIIIIIIIIIIIIIIIII
JJJJJJJJJJJJJJJJJJJJJJJJJ
KKKKKKKKKKKKKKKKKKKKKKKKK
LLLLLLLLLLLLLLLLLLLLLLLLL
MMMMMMMMMMMMMMMMMMMMMMMMM
NNNNNNNNNNNNNNNNNNNNNNNNN
OOOOOOOOOOOOOOOOOOOOOOOOO
PPPPPPPPPPPPPPPPPPPPPPPPP
QQQQQQQQQQQQQQQQQQQQQQQQQ
RRRRRRRRRRRRRRRRRRRRRRRRR
SSSSSSSSSSSSSSSSSSSSSSSSS
TTTTTTTTTTTTTTTTTTTTTTTTT
UUUUUUUUUUUUUUUUUUUUUUUUU
VVVVVVVVVVVVVVVVVVVVVVVVV
WWWWWWWWWWWWWWWWWWWWWWWWW
XXXXXXXXXXXXXXXXXXXXXXXXX
YYYYYYYYYYYYYYYYYYYYYYYYY
Case #19:
BBBBBBBBBBBBBBOOOOOOOOOOO
BBBBBBBBBBBBBBOOOOOOOOOOO
VVVVVVVVVVVVVVVVVVVVVVVVV
DDDDDDDDDDDDDDDDDDDDDDDDD
JJJJJJJJJJJJJJJJJJJJJJJJJ
JJJJJJJJJJJJJJJJJJJJJJJJJ
YYYYYYYYYYZHHCCCCCCCCCCCC
WWWWWWWWWWWWWWWIIIAAAAAAA
WWWWWWWWWWWWWWWIIIAAAAAAA
WWWWWWWWWWWWWWWIIIAAAAAAA
RRRRRRRRRRFFFFFFFFFFFFFFF
TTTTTTTTTTTTTTTTTTTTTTTTT
XXXXXXXXXXXXXXXXXXXXXXXXX
PPPPPPPPPPPPPPPPPPPPPPPPP
MMMMMMMMMMMMMMMMMMMMMMMMM
MMMMMMMMMMMMMMMMMMMMMMMMM
MMMMMMMMMMMMMMMMMMMMMMMMM
NNNNNNNNNNNNNNNNNNNNNNNNN
NNNNNNNNNNNNNNNNNNNNNNNNN
GGGGGGGGGGGGGGSSSSSSSSSSS
KEEEEEEEEEEEEEEELLLLLLLLL
UUUUUUUUUUUUUUUUUUUUUUUUU
QQQQQQQQQQQQQQQQQQQQQQQQQ
QQQQQQQQQQQQQQQQQQQQQQQQQ
QQQQQQQQQQQQQQQQQQQQQQQQQ
Case #20:
AAAAAAAAAAAAAAAAAAAAAAAAA
BBBBBBBBBBBBBBBBBBBBBBBBB
CCCCCCCCCCCCCCCCCCCCCCCCC
DDDDDDDDDDDDDDDDDDDDDDDDD
EEEEEEEEEEEEEEEEEEEEEEEEE
FFFFFFFFFFFFFFFFFFFFFFFFF
GGGGGGGGGGGGGGGGGGGGGGGGG
HHHHHHHHHHHHHHHHHHHHHHHHH
IIIIIIIIIIIIIIIIIIIIIIIII
JJJJJJJJJJJJJJJJJJJJJJJJJ
KKKKKKKKKKKKKKKKKKKKKKKKK
LLLLLLLLLLLLLLLLLLLLLLLLL
MMMMMMMMMMMMMMMMMMMMMMMMM
NNNNNNNNNNNNNNNNNNNNNNNNN
OOOOOOOOOOOOOOOOOOOOOOOOO
PPPPPPPPPPPPPPPPPPPPPPPPP
QQQQQQQQQQQQQQQQQQQQQQQQQ
RRRRRRRRRRRRRRRRRRRRRRRRR
SSSSSSSSSSSSSSSSSSSSSSSSS
TTTTTTTTTTTTTTTTTTTTTTTTT
UUUUUUUUUUUUUUUUUUUUUUUUU
VVVVVVVVVVVVVVVVVVVVVVVVV
WWWWWWWWWWWWWWWWWWWWWWWWW
XXXXXXXXXXXXXXXXXXXXXXXXX
YYYYYYYYYYYYYYYYYYYYYYYYY
Case #21:
ABCDEFGHIJKLMNOPQRSTUVWXY
ABCDEFGHIJKLMNOPQRSTUVWXY
ABCDEFGHIJKLMNOPQRSTUVWXY
ABCDEFGHIJKLMNOPQRSTUVWXY
ABCDEFGHIJKLMNOPQRSTUVWXY
ABCDEFGHIJKLMNOPQRSTUVWXY
ABCDEFGHIJKLMNOPQRSTUVWXY
ABCDEFGHIJKLMNOPQRSTUVWXY
ABCDEFGHIJKLMNOPQRSTUVWXY
ABCDEFGHIJKLMNOPQRSTUVWXY
ABCDEFGHIJKLMNOPQRSTUVWXY
ABCDEFGHIJKLMNOPQRSTUVWXY
ABCDEFGHIJKLMNOPQRSTUVWXY
ABCDEFGHIJKLMNOPQRSTUVWXY
ABCDEFGHIJKLMNOPQRSTUVWXY
ABCDEFGHIJKLMNOPQRSTUVWXY
ABCDEFGHIJKLMNOPQRSTUVWXY
ABCDEFGHIJKLMNOPQRSTUVWXY
ABCDEFGHIJKLMNOPQRSTUVWXY
ABCDEFGHIJKLMNOPQRSTUVWXY
ABCDEFGHIJKLMNOPQRSTUVWXY
ABCDEFGHIJKLMNOPQRSTUVWXY
ABCDEFGHIJKLMNOPQRSTUVWXY
ABCDEFGHIJKLMNOPQRSTUVWXY
ABCDEFGHIJKLMNOPQRSTUVWXY
Case #22:
BBBBBBBBBBBBBBBYYYYYYYYYY
BBBBBBBBBBBBBBBYYYYYYYYYY
BBBBBBBBBBBBBBBYYYYYYYYYY
ZZZZZZZZZZZIIFXXXXXXXXXXX
OOOOOOOOOOOVGGAATTTTTTTTT
WWWWWWWWWWWHUSSSSSSSSSSSS
LLLLLLLLLLLLLCCKNNNNNNNNN
PPPPPPPPPPPPMMQQQQQQQQQQQ
DDDDDDDDDDDDDDDDDDDDDDDDD
EEEEEEEEEEEEEJJJJJJJJJJJJ
RRRRRRRRRRRRRRRRRRRRRRRRR
RRRRRRRRRRRRRRRRRRRRRRRRR
RRRRRRRRRRRRRRRRRRRRRRRRR
RRRRRRRRRRRRRRRRRRRRRRRRR
RRRRRRRRRRRRRRRRRRRRRRRRR
RRRRRRRRRRRRRRRRRRRRRRRRR
RRRRRRRRRRRRRRRRRRRRRRRRR
RRRRRRRRRRRRRRRRRRRRRRRRR
RRRRRRRRRRRRRRRRRRRRRRRRR
RRRRRRRRRRRRRRRRRRRRRRRRR
RRRRRRRRRRRRRRRRRRRRRRRRR
RRRRRRRRRRRRRRRRRRRRRRRRR
RRRRRRRRRRRRRRRRRRRRRRRRR
RRRRRRRRRRRRRRRRRRRRRRRRR
RRRRRRRRRRRRRRRRRRRRRRRRR
Case #23:
SSSSSSSSSSSSSSSSSSSSSSSSS
FFFFFFFFFFFFFFFFFCCCCCCCC
JJJWWWWWWWWWWWWWWWWWWWWWW
PPPPPPPPPBBBBBBBBBBBBBBBB
LLLLLLLLLLLLLLLLLLLLLLLLL
EEEEEEEEEEEEEEEEEEEEEEEEE
EEEEEEEEEEEEEEEEEEEEEEEEE
TTNNNNNNNNNNNNNNNNNNNNNNN
TTNNNNNNNNNNNNNNNNNNNNNNN
DDDDDDDDDDDDDDDDDDDDDDDDD
OOOOOOOOOOOOOOOOOOOOOOOOO
OOOOOOOOOOOOOOOOOOOOOOOOO
VVVVVVVVVVVVVHHHHHHHHHHHH
UUUUUUUUUUUUUUUUUUUUUUUUU
QGGGGGGGGGGGGGGGGGGGGGGGG
ZZZZZZZZZZZZZZZZZZZZZZZZZ
AAAAAAAAAAAAAAAAAAAAAAAAA
XXXXXXXXXXXXXXXXXXXXXXXXX
RRRRRRRRRRRRRRRRRRRRRRRRR
RRRRRRRRRRRRRRRRRRRRRRRRR
RRRRRRRRRRRRRRRRRRRRRRRRR
YYYYYYYYYYYYYYYYYYYYYYYYY
YYYYYYYYYYYYYYYYYYYYYYYYY
IIIIIIIMMMMMMMMMMMMMMMMMM
KKKKKKKKKKKKKKKKKKKKKKKKK
Case #24:
ABCDEFGHIJKLMNOPQRSTUVWXY
ABCDEFGHIJKLMNOPQRSTUVWXY
ABCDEFGHIJKLMNOPQRSTUVWXY
ABCDEFGHIJKLMNOPQRSTUVWXY
ABCDEFGHIJKLMNOPQRSTUVWXY
ABCDEFGHIJKLMNOPQRSTUVWXY
ABCDEFGHIJKLMNOPQRSTUVWXY
ABCDEFGHIJKLMNOPQRSTUVWXY
ABCDEFGHIJKLMNOPQRSTUVWXY
ABCDEFGHIJKLMNOPQRSTUVWXY
ABCDEFGHIJKLMNOPQRSTUVWXY
ABCDEFGHIJKLMNOPQRSTUVWXY
ABCDEFGHIJKLMNOPQRSTUVWXY
ABCDEFGHIJKLMNOPQRSTUVWXY
ABCDEFGHIJKLMNOPQRSTUVWXY
ABCDEFGHIJKLMNOPQRSTUVWXY
ABCDEFGHIJKLMNOPQRSTUVWXY
ABCDEFGHIJKLMNOPQRSTUVWXY
ABCDEFGHIJKLMNOPQRSTUVWXY
ABCDEFGHIJKLMNOPQRSTUVWXY
ABCDEFGHIJKLMNOPQRSTUVWXY
ABCDEFGHIJKLMNOPQRSTUVWXY
ABCDEFGHIJKLMNOPQRSTUVWXY
ABCDEFGHIJKLMNOPQRSTUVWXY
ABCDEFGHIJKLMNOPQRSTUVWXY
Case #25:
LLLLLLLLRRRRRRRRRRRRRRRRR
LLLLLLLLRRRRRRRRRRRRRRRRR
LLLLLLLLRRRRRRRRRRRRRRRRR
LLLLLLLLRRRRRRRRRRRRRRRRR
LLLLLLLLRRRRRRRRRRRRRRRRR
LLLLLLLLRRRRRRRRRRRRRRRRR
LLLLLLLLRRRRRRRRRRRRRRRRR
LLLLLLLLRRRRRRRRRRRRRRRRR
LLLLLLLLRRRRRRRRRRRRRRRRR
LLLLLLLLRRRRRRRRRRRRRRRRR
EEEEEMMMZZZZZZZZZZZZZZZZZ
IIIIIIIIIIIIIIIIIIIIIIIII
XXXXXXXFFFNNNNNNNNNNNNNNN
GGGGGGGVDDDDDDDDDDDDDDDDD
SSYYYYHHHHHHHHHHHHHHHHHHH
CTTTTOOOUUUUUUUUUUUUUUUUU
KKBBBBBBBBBBBBBBBBBBBBBBB
JJJJJJJJWWWWWWWWWWWWWWWWW
QQQQQQQQQQQQQQQQQQQQQQQQQ
QQQQQQQQQQQQQQQQQQQQQQQQQ
PPPPPPPPPPPPPPPPPPPPPPPPP
AAAAAAAAAAAAAAAAAAAAAAAAA
AAAAAAAAAAAAAAAAAAAAAAAAA
AAAAAAAAAAAAAAAAAAAAAAAAA
AAAAAAAAAAAAAAAAAAAAAAAAA
Case #26:
AAAAAAAAAAAAAAAAAAAAAAAAA
AAAAAAAAAAAAAAAAAAAAAAAAA
AAAAAAAAAAAAAAAAAAAAAAAAA
AAAAAAAAAAAAAAAAAAAAAAAAA
AAAAAAAAAAAAAAAAAAAAAAAAA
AAAAAAAAAAAAAAAAAAAAAAAAA
AAAAAAAAAAAAAAAAAAAAAAAAA
AAAAAAAAAAAAAAAAAAAAAAAAA
AAAAAAAAAAAAAAAAAAAAAAAAA
AAAAAAAAAAAAAAAAAAAAAAAAA
AAAAAAAAAAAAAAAAAAAAAAAAA
AAAAAAAAAAAAAAAAAAAAAAAAA
AAAAAAAAAAAAAAAAAAAAAAAAA
AAAAAAAAAAAAAAAAAAAAAAAAA
AAAAAAAAAAAAAAAAAAAAAAAAA
AAAAAAAAAAAAAAAAAAAAAAAAA
AAAAAAAAAAAAAAAAAAAAAAAAA
AAAAAAAAAAAAAAAAAAAAAAAAA
AAAAAAAAAAAAAAAAAAAAAAAAA
AAAAAAAAAAAAAAAAAAAAAAAAA
AAAAAAAAAAAAAAAAAAAAAAAAA
AAAAAAAAAAAAAAAAAAAAAAAAA
AAAAAAAAAAAAAAAAAAAAAAAAA
AAAAAAAAAAAAAAAAAAAAAAAAA
AAAAAAAAAAAAAAAAAAAAAAAAA
Case #27:
TTTTTTTTTTTTTTTTTTTTTTTTT
TTTTTTTTTTTTTTTTTTTTTTTTT
QQQQQQQQQQQQQQQQQQQQQQQQQ
GGGGAVVVVVVVVVVVVVVVVVVVV
PPPPPPPPPPXXXXXXXXXXXXXXX
SCCCCCCCCCCCCCCCCCCCCCCCC
KKKKKKKKKKKKKKKKKKKKKKKKK
ZZZZHHHHHHHHHHHHHHHHHHHHH
UUUUUUUUUUUUUUUUUUUEEEEEE
FFFFFFFFFFFFFFFNNNNNWWWWW
FFFFFFFFFFFFFFFNNNNNWWWWW
DDDDDDDDDDDDDDDDDDDDDDDDD
DDDDDDDDDDDDDDDDDDDDDDDDD
IIIIIIIIIIIIIIIIIIIIIIIII
MMMMMMRRRRRRRRRRRRRRRRRRR
BBBBBBBBBBBBBBBBBBBBBBBBB
BBBBBBBBBBBBBBBBBBBBBBBBB
BBBBBBBBBBBBBBBBBBBBBBBBB
BBBBBBBBBBBBBBBBBBBBBBBBB
LLLLLLLLLLLLLLLLLLLLLLLLL
YYYYYYYYYYYYYOOOOOJJJJJJJ
YYYYYYYYYYYYYOOOOOJJJJJJJ
YYYYYYYYYYYYYOOOOOJJJJJJJ
YYYYYYYYYYYYYOOOOOJJJJJJJ
YYYYYYYYYYYYYOOOOOJJJJJJJ
Case #28:
AAAAAAAAAAAAAAAAAAAAAAAAA
BBBBBBBBBBBBBBBBBBBBBBBBB
CCCCCCCCCCCCCCCCCCCCCCCCC
DDDDDDDDDDDDDDDDDDDDDDDDD
EEEEEEEEEEEEEEEEEEEEEEEEE
FFFFFFFFFFFFFFFFFFFFFFFFF
GGGGGGGGGGGGGGGGGGGGGGGGG
HHHHHHHHHHHHHHHHHHHHHHHHH
IIIIIIIIIIIIIIIIIIIIIIIII
JJJJJJJJJJJJJJJJJJJJJJJJJ
KKKKKKKKKKKKKKKKKKKKKKKKK
LLLLLLLLLLLLLLLLLLLLLLLLL
MMMMMMMMMMMMMMMMMMMMMMMMM
NNNNNNNNNNNNNNNNNNNNNNNNN
OOOOOOOOOOOOOOOOOOOOOOOOO
PPPPPPPPPPPPPPPPPPPPPPPPP
QQQQQQQQQQQQQQQQQQQQQQQQQ
RRRRRRRRRRRRRRRRRRRRRRRRR
SSSSSSSSSSSSSSSSSSSSSSSSS
TTTTTTTTTTTTTTTTTTTTTTTTT
UUUUUUUUUUUUUUUUUUUUUUUUU
VVVVVVVVVVVVVVVVVVVVVVVVV
WWWWWWWWWWWWWWWWWWWWWWWWW
XXXXXXXXXXXXXXXXXXXXXXXXX
YYYYYYYYYYYYYYYYYYYYYYYYY
Case #29:
ABCDEFGHIJKLMNOPQRSTUVWXY
ABCDEFGHIJKLMNOPQRSTUVWXY
ABCDEFGHIJKLMNOPQRSTUVWXY
ABCDEFGHIJKLMNOPQRSTUVWXY
ABCDEFGHIJKLMNOPQRSTUVWXY
ABCDEFGHIJKLMNOPQRSTUVWXY
ABCDEFGHIJKLMNOPQRSTUVWXY
ABCDEFGHIJKLMNOPQRSTUVWXY
ABCDEFGHIJKLMNOPQRSTUVWXY
ABCDEFGHIJKLMNOPQRSTUVWXY
ABCDEFGHIJKLMNOPQRSTUVWXY
ABCDEFGHIJKLMNOPQRSTUVWXY
ABCDEFGHIJKLMNOPQRSTUVWXY
ABCDEFGHIJKLMNOPQRSTUVWXY
ABCDEFGHIJKLMNOPQRSTUVWXY
ABCDEFGHIJKLMNOPQRSTUVWXY
ABCDEFGHIJKLMNOPQRSTUVWXY
ABCDEFGHIJKLMNOPQRSTUVWXY
ABCDEFGHIJKLMNOPQRSTUVWXY
ABCDEFGHIJKLMNOPQRSTUVWXY
ABCDEFGHIJKLMNOPQRSTUVWXY
ABCDEFGHIJKLMNOPQRSTUVWXY
ABCDEFGHIJKLMNOPQRSTUVWXY
ABCDEFGHIJKLMNOPQRSTUVWXY
ABCDEFGHIJKLMNOPQRSTUVWXY
Case #30:
NNNNNNNNNNNNNNNNNNNNNNNNN
NNNNNNNNNNNNNNNNNNNNNNNNN
FFFFFFFFFFUUUPPPPPPPPPPPP
KKKKKKKKKKKKKKKKKKKKKKKKK
EEEEEEEEEEEEEEEEEEEEEEEEE
IIIIIIIIIIIIIIIIIIIIIIIII
QTTTTTTTTTTTTTTTTTTTTTTTT
XXXXXXXXXXXXXXXXXXXXXXXXX
XXXXXXXXXXXXXXXXXXXXXXXXX
XXXXXXXXXXXXXXXXXXXXXXXXX
DDDDDDDDDDDDDDDDDDDDDDDDD
HHHHHHMMMMMMMMMMMMMMMMMMM
HHHHHHMMMMMMMMMMMMMMMMMMM
AAAAAAAAAAAAAAAAAAAAAAAAA
RGGGGGGGBBBBBBBBBBBBBBBBB
RGGGGGGGBBBBBBBBBBBBBBBBB
YYYYYYYYYYYWWWWWWWWWWWWWW
ZJJLLLLLLLLLLLLLLLLLLLLLL
SSSSSSSSSSSSSSSSSSSSSSSSS
CCCCCCCCCCCCCCCVVVVVVVVVV
CCCCCCCCCCCCCCCVVVVVVVVVV
OOOOOOOOOOOOOOOOOOOOOOOOO
OOOOOOOOOOOOOOOOOOOOOOOOO
OOOOOOOOOOOOOOOOOOOOOOOOO
OOOOOOOOOOOOOOOOOOOOOOOOO
Case #31:
AABBBBBBBBBBBBBBBBBBBBBBB
AABBBBBBBBBBBBBBBBBBBBBBB
AABBBBBBBBBBBBBBBBBBBBBBB
AABBBBBBBBBBBBBBBBBBBBBBB
AABBBBBBBBBBBBBBBBBBBBBBB
AABBBBBBBBBBBBBBBBBBBBBBB
AABBBBBBBBBBBBBBBBBBBBBBB
AABBBBBBBBBBBBBBBBBBBBBBB
AABBBBBBBBBBBBBBBBBBBBBBB
AABBBBBBBBBBBBBBBBBBBBBBB
AABBBBBBBBBBBBBBBBBBBBBBB
AABBBBBBBBBBBBBBBBBBBBBBB
AABBBBBBBBBBBBBBBBBBBBBBB
CCCCCCCCCCCCCCCCCCCCCCCCC
DDDDDDDDDDDDDDDDDDDDDDDDD
EEEEEEEEEEEEEEEEEEEEEEEEE
EEEEEEEEEEEEEEEEEEEEEEEEE
EEEEEEEEEEEEEEEEEEEEEEEEE
EEEEEEEEEEEEEEEEEEEEEEEEE
EEEEEEEEEEEEEEEEEEEEEEEEE
EEEEEEEEEEEEEEEEEEEEEEEEE
EEEEEEEEEEEEEEEEEEEEEEEEE
EEEEEEEEEEEEEEEEEEEEEEEEE
EEEEEEEEEEEEEEEEEEEEEEEEE
EEEEEEEEEEEEEEEEEEEEEEEEE
Case #32:
AAAAAAAAAAAAAAAAAAAAAAAAA
BBBBBBBBBBBBBBBBBBBBBBBBB
CCCCCCCCCCCCCCCCCCCCCCCCC
DDDDDDDDDDDDDDDDDDDDDDDDD
EEEEEEEEEEEEEEEEEEEEEEEEE
FFFFFFFFFFFFFFFFFFFFFFFFF
GGGGGGGGGGGGGGGGGGGGGGGGG
HHHHHHHHHHHHHHHHHHHHHHHHH
IIIIIIIIIIIIIIIIIIIIIIIII
JJJJJJJJJJJJJJJJJJJJJJJJJ
KKKKKKKKKKKKKKKKKKKKKKKKK
LLLLLLLLLLLLLLLLLLLLLLLLL
MMMMMMMMMMMMMMMMMMMMMMMMM
NNNNNNNNNNNNNNNNNNNNNNNNN
OOOOOOOOOOOOOOOOOOOOOOOOO
PPPPPPPPPPPPPPPPPPPPPPPPP
QQQQQQQQQQQQQQQQQQQQQQQQQ
RRRRRRRRRRRRRRRRRRRRRRRRR
SSSSSSSSSSSSSSSSSSSSSSSSS
TTTTTTTTTTTTTTTTTTTTTTTTT
UUUUUUUUUUUUUUUUUUUUUUUUU
VVVVVVVVVVVVVVVVVVVVVVVVV
WWWWWWWWWWWWWWWWWWWWWWWWW
XXXXXXXXXXXXXXXXXXXXXXXXX
YYYYYYYYYYYYYYYYYYYYYYYYY
Case #33:
ABCDEFGHIJKLMNOPQRSTUVWXY
ABCDEFGHIJKLMNOPQRSTUVWXY
ABCDEFGHIJKLMNOPQRSTUVWXY
ABCDEFGHIJKLMNOPQRSTUVWXY
ABCDEFGHIJKLMNOPQRSTUVWXY
ABCDEFGHIJKLMNOPQRSTUVWXY
ABCDEFGHIJKLMNOPQRSTUVWXY
ABCDEFGHIJKLMNOPQRSTUVWXY
ABCDEFGHIJKLMNOPQRSTUVWXY
ABCDEFGHIJKLMNOPQRSTUVWXY
ABCDEFGHIJKLMNOPQRSTUVWXY
ABCDEFGHIJKLMNOPQRSTUVWXY
ABCDEFGHIJKLMNOPQRSTUVWXY
ABCDEFGHIJKLMNOPQRSTUVWXY
ABCDEFGHIJKLMNOPQRSTUVWXY
ABCDEFGHIJKLMNOPQRSTUVWXY
ABCDEFGHIJKLMNOPQRSTUVWXY
ABCDEFGHIJKLMNOPQRSTUVWXY
ABCDEFGHIJKLMNOPQRSTUVWXY
ABCDEFGHIJKLMNOPQRSTUVWXY
ABCDEFGHIJKLMNOPQRSTUVWXY
ABCDEFGHIJKLMNOPQRSTUVWXY
ABCDEFGHIJKLMNOPQRSTUVWXY
ABCDEFGHIJKLMNOPQRSTUVWXY
ABCDEFGHIJKLMNOPQRSTUVWXY
Case #34:
AA
AA
Case #35:
KKKKKKKKKKNNNNNNNNNNNNNNN
OOOOOOOOOOOOOOOOOOOOOOOOO
JJJJWWWWWWWWWWWMMHHHHHHHH
GGGGGGGGGGGGGGGGGGGGGGGGG
CCCCCCCCCVVVVVVVVVVVVVVVV
CCCCCCCCCVVVVVVVVVVVVVVVV
DDDDDDDDDDDDDDDDDDDDDDDDD
UUUUUUUUUUUUUUUUUUUUUUUUU
UUUUUUUUUUUUUUUUUUUUUUUUU
BBBBBBBBBBBBBBBBBBBBBBBBB
BBBBBBBBBBBBBBBBBBBBBBBBB
SSSSSSEEEEEEEEEEEEEEEEEEE
LLLLLLLLLZZZZZZZZZZZZZZZZ
LLLLLLLLLZZZZZZZZZZZZZZZZ
XXXXXXXXXXXXXXXXXXXXPPPPP
RRRRRRRRRRRRRRRRRRRRRRRRR
RRRRRRRRRRRRRRRRRRRRRRRRR
TTTTTTTTTTTTTTTTTTTTTTTTT
IIIIIIIIFFFFFFFFFFFFFFFFF
AAAAAAAAAAAAAAAAAAAAAAAAA
YYYYYYYYQQQQQQQQQQQQQQQQQ
YYYYYYYYQQQQQQQQQQQQQQQQQ
YYYYYYYYQQQQQQQQQQQQQQQQQ
YYYYYYYYQQQQQQQQQQQQQQQQQ
YYYYYYYYQQQQQQQQQQQQQQQQQ
Case #36:
HHNNNNOTTTJGYMWUUUSSBBFLL
RRQZZZVVDXIIIIICEEPPPPKAA
Case #37:
CCCCCCCCCCCCCCCCCCCCCCCCC
CCCCCCCCCCCCCCCCCCCCCCCCC
CCCCCCCCCCCCCCCCCCCCCCCCC
CCCCCCCCCCCCCCCCCCCCCCCCC
CCCCCCCCCCCCCCCCCCCCCCCCC
CCCCCCCCCCCCCCCCCCCCCCCCC
CCCCCCCCCCCCCCCCCCCCCCCCC
CCCCCCCCCCCCCCCCCCCCCCCCC
OOOOOOOOOOOOOOOOOOOOOOOOO
DDDDDDDDDDDDDDDDDDDDDDDDD
JJJMMMMMMMMMMMMMMMMMMMMMM
SSSSSSSSSSSSSSSSSSSSSSSSS
QIIIIIIIIIIIIIIIIIIIIIIII
KKKUNEEEHHLLLLLLLLLLLLLLL
PPPPPPPPPPPPPPPPPPPPPPPPP
TTTTTTTTTTTTTTTTTTTTTTTTT
ZZZBBBBYYVVVVVVVVVVVVVVVV
RRRRRRRRRRRRRRRRRRRRRRRRR
XXXXXXXXXXXXXXXXXXXXXXXXX
AAAGFFFFFFFFFFFFFFFFFFFFF
AAAGFFFFFFFFFFFFFFFFFFFFF
WWWWWWWWWWWWWWWWWWWWWWWWW
WWWWWWWWWWWWWWWWWWWWWWWWW
WWWWWWWWWWWWWWWWWWWWWWWWW
WWWWWWWWWWWWWWWWWWWWWWWWW
Case #38:
OBBBBBBBBBBBBBBBBBBBBBBBB
QQQQQQQQQQQQQQQQQQQQQQQQQ
RRRRRXXXXXXXXXXXXXXXXXXXX
HHHHHHHHHHHHHHHHHHHHHHHHH
GGGGGGGGGGGGGGGGGGGGGGGGG
FFFFFFFFFFFFFFFFFFFFFFFFF
MMMMMMMMMMMMYYYYYYYYYYYYY
CCCCCCCCCCCCCCCCCCCCCCCCC
CCCCCCCCCCCCCCCCCCCCCCCCC
KKKKKKKKKKKKKKKKKKKKKKKKK
AAAADDDDDDDDDDDDDDDDUUUUU
EEEEEEEEEEEEEEEEEEEEEEEEE
JJJJJJJJJJJJJJJJJJJJJJJJJ
JJJJJJJJJJJJJJJJJJJJJJJJJ
JJJJJJJJJJJJJJJJJJJJJJJJJ
SSSSSSSSSSSSSSSSSSSSSSSSS
NNNNNNNNNNNNNNNNNNNNNNNNN
VVVVVVVVVVVVVVVVVVVVVVVVV
IIIIIIIIIIIIIIIIIIIIIIIII
LLLLLLLLLLLLLLLLLLLLLLLLL
LLLLLLLLLLLLLLLLLLLLLLLLL
WWWWWTTTTTTTTTTTTTTTTTTTT
ZZZZZZZZZZZZZZZZZZZZZZZZZ
ZZZZZZZZZZZZZZZZZZZZZZZZZ
PPPPPPPPPPPPPPPPPPPPPPPPP
Case #39:
AABBBBBBBBBBBBBBBBBBBBBBB
CCCCCCCCCCCCCCCCCCCCCCCCC
DDDDDDDDDDDDDDDDDDDDDDDDD
EEEEEEEEEEEEEEEEEEEEEEEEE
EEEEEEEEEEEEEEEEEEEEEEEEE
EEEEEEEEEEEEEEEEEEEEEEEEE
EEEEEEEEEEEEEEEEEEEEEEEEE
EEEEEEEEEEEEEEEEEEEEEEEEE
EEEEEEEEEEEEEEEEEEEEEEEEE
EEEEEEEEEEEEEEEEEEEEEEEEE
EEEEEEEEEEEEEEEEEEEEEEEEE
EEEEEEEEEEEEEEEEEEEEEEEEE
EEEEEEEEEEEEEEEEEEEEEEEEE
EEEEEEEEEEEEEEEEEEEEEEEEE
EEEEEEEEEEEEEEEEEEEEEEEEE
EEEEEEEEEEEEEEEEEEEEEEEEE
EEEEEEEEEEEEEEEEEEEEEEEEE
EEEEEEEEEEEEEEEEEEEEEEEEE
EEEEEEEEEEEEEEEEEEEEEEEEE
EEEEEEEEEEEEEEEEEEEEEEEEE
EEEEEEEEEEEEEEEEEEEEEEEEE
EEEEEEEEEEEEEEEEEEEEEEEEE
EEEEEEEEEEEEEEEEEEEEEEEEE
EEEEEEEEEEEEEEEEEEEEEEEEE
EEEEEEEEEEEEEEEEEEEEEEEEE
Case #40:
ZZZZZZZZZZZZZZZZZZZZZZZZZ
ZZZZZZZZZZZZZZZZZZZZZZZZZ
ZZZZZZZZZZZZZZZZZZZZZZZZZ
ZZZZZZZZZZZZZZZZZZZZZZZZZ
BBBBBBBBBBBBBBBBBBBBBBBBB
QQQQQQQQQFFFFFFFFFFFFFFFF
OOOOOOOOODDDDDDDDDDDDDDDD
WWWWWWHCTTTTTTTTTTTTTTTTT
MMMMMPPPPIINNNNNNNNNNNNNN
RRRRREESAKKKGGGGGGGGGGGGG
VVVVVVUUUYYYYYYYYYYYYYYYY
JJJJJJJLLLLLLLLLLLLLLLLLL
XXXXXXXXXXXXXXXXXXXXXXXXX
XXXXXXXXXXXXXXXXXXXXXXXXX
XXXXXXXXXXXXXXXXXXXXXXXXX
XXXXXXXXXXXXXXXXXXXXXXXXX
XXXXXXXXXXXXXXXXXXXXXXXXX
XXXXXXXXXXXXXXXXXXXXXXXXX
XXXXXXXXXXXXXXXXXXXXXXXXX
XXXXXXXXXXXXXXXXXXXXXXXXX
XXXXXXXXXXXXXXXXXXXXXXXXX
XXXXXXXXXXXXXXXXXXXXXXXXX
XXXXXXXXXXXXXXXXXXXXXXXXX
XXXXXXXXXXXXXXXXXXXXXXXXX
XXXXXXXXXXXXXXXXXXXXXXXXX
Case #41:
AAAAAAAAAAAACCCCCCCCCCCCC
AAAAAAAAAAAACCCCCCCCCCCCC
AAAAAAAAAAAACCCCCCCCCCCCC
AAAAAAAAAAAACCCCCCCCCCCCC
AAAAAAAAAAAACCCCCCCCCCCCC
AAAAAAAAAAAACCCCCCCCCCCCC
AAAAAAAAAAAACCCCCCCCCCCCC
AAAAAAAAAAAACCCCCCCCCCCCC
AAAAAAAAAAAACCCCCCCCCCCCC
AAAAAAAAAAAACCCCCCCCCCCCC
AAAAAAAAAAAACCCCCCCCCCCCC
AAAAAAAAAAAACCCCCCCCCCCCC
AAAAAAAAAAAACCCCCCCCCCCCC
AAAAAAAAAAAACCCCCCCCCCCCC
AAAAAAAAAAAACCCCCCCCCCCCC
AAAAAAAAAAAACCCCCCCCCCCCC
AAAAAAAAAAAACCCCCCCCCCCCC
AAAAAAAAAAAACCCCCCCCCCCCC
EEEEEEEEEEEEEEEEEEEEEEEEE
BBBBBBBBBBBBDDDDDDDDDDDDD
BBBBBBBBBBBBDDDDDDDDDDDDD
BBBBBBBBBBBBDDDDDDDDDDDDD
BBBBBBBBBBBBDDDDDDDDDDDDD
BBBBBBBBBBBBDDDDDDDDDDDDD
BBBBBBBBBBBBDDDDDDDDDDDDD
Case #42:
BA
DC
Case #43:
DCC
BBB
AAA
Case #44:
CAAA
GBBB
EFHD
Case #45:
RRRRRRRRRRRRRRRRRRRRRRRRR
RRRRRRRRRRRRRRRRRRRRRRRRR
RRRRRRRRRRRRRRRRRRRRRRRRR
RRRRRRRRRRRRRRRRRRRRRRRRR
RRRRRRRRRRRRRRRRRRRRRRRRR
RRRRRRRRRRRRRRRRRRRRRRRRR
RRRRRRRRRRRRRRRRRRRRRRRRR
RRRRRRRRRRRRRRRRRRRRRRRRR
RRRRRRRRRRRRRRRRRRRRRRRRR
RRRRRRRRRRRRRRRRRRRRRRRRR
RRRRRRRRRRRRRRRRRRRRRRRRR
RRRRRRRRRRRRRRRRRRRRRRRRR
RRRRRRRRRRRRRRRRRRRRRRRRR
OOOOOOOOOOOOOOOOOOOOOOOOO
OOOOOOOOOOOOOOOOOOOOOOOOO
OOOOOOOOOOOOOOOOOOOOOOOOO
ZZZZZZZZZZZZZZZZZZZQQQQQQ
CCCCCCCCCCCCCCCCCCCBBBBBB
EEEEEEEEEEEEEEEEAAAAAAAAA
EEEEEEEEEEEEEEEEAAAAAAAAA
MMMMMMMMMMMMMMMMMPPHHXXXX
UUUUUUUUUUUUUUUJNNNGGGGGG
DDDDDDDDDDDDVVVVVVVVIIIII
WWWWWWWWWWWLLLYYYYFFFTTTT
SSSSSSSSSSSSSSSKKKKKKKKKK
Case #46:
AAAAAABBBBBBBBBBBBBBBBBBB
AAAAAABBBBBBBBBBBBBBBBBBB
AAAAAABBBBBBBBBBBBBBBBBBB
AAAAAABBBBBBBBBBBBBBBBBBB
AAAAAABBBBBBBBBBBBBBBBBBB
AAAAAABBBBBBBBBBBBBBBBBBB
CCCCCCCCCCCCCCCCCCCCCCCCC
DDDDDDDDDDDDDDDDDDDDDDDDD
EEEEEEEEEEEEEEEEEEEEEEEEE
FFFFFFFFFFFFFFFFFFFFFHHHH
FFFFFFFFFFFFFFFFFFFFFHHHH
FFFFFFFFFFFFFFFFFFFFFHHHH
FFFFFFFFFFFFFFFFFFFFFHHHH
FFFFFFFFFFFFFFFFFFFFFHHHH
FFFFFFFFFFFFFFFFFFFFFHHHH
JJJJJJJJJJJJJJJJJJJJJJJJJ
GGGGGGGGGGGGGGGGGGGGGIIII
GGGGGGGGGGGGGGGGGGGGGIIII
GGGGGGGGGGGGGGGGGGGGGIIII
GGGGGGGGGGGGGGGGGGGGGIIII
GGGGGGGGGGGGGGGGGGGGGIIII
GGGGGGGGGGGGGGGGGGGGGIIII
GGGGGGGGGGGGGGGGGGGGGIIII
GGGGGGGGGGGGGGGGGGGGGIIII
GGGGGGGGGGGGGGGGGGGGGIIII
Case #47:
AAAAAAAAAAAAAAAAAAAAAAAAA
BBBBBBBBBBBBBBBBBBBBBBBBB
CCCCCCCCCCCCCCCCCCCCCCCCC
DDDDDDDDDDDDDDDDDDDDDDDDD
EEEEEEEEEEEEEEEEEEEEEEEEE
FFFFFFFFFFFFFFFFFFFFFFFFF
GGGGGGGGGGGGGGGGGGGGGGGGG
HHHHHHHHHHHHHHHHHHHHHHHHH
IIIIIIIIIIIIIIIIIIIIIIIII
JJJJJJJJJJJJJJJJJJJJJJJJJ
KKKKKKKKKKKKKKKKKKKKKKKKK
LLLLLLLLLLLLLLLLLLLLLLLLL
MMMMMMMMMMMMMMMMMMMMMMMMM
NNNNNNNNNNNNNNNNNNNNNNNNN
OOOOOOOOOOOOOOOOOOOOOOOOO
PPPPPPPPPPPPPPPPPPPPPPPPP
QQQQQQQQQQQQQQQQQQQQQQQQQ
RRRRRRRRRRRRRRRRRRRRRRRRR
SSSSSSSSSSSSSSSSSSSSSSSSS
TTTTTTTTTTTTTTTTTTTTTTTTT
UUUUUUUUUUUUUUUUUUUUUUUUU
VVVVVVVVVVVVVVVVVVVVVVVVV
WWWWWWWWWWWWWWWWWWWWWWWWW
XXXXXXXXXXXXXXXXXXXXXXXXX
YYYYYYYYYYYYYYYYYYYYYYYYY
Case #48:
AAAAAAABBBBBBBBBBBBBBBBBB
AAAAAAABBBBBBBBBBBBBBBBBB
AAAAAAABBBBBBBBBBBBBBBBBB
AAAAAAABBBBBBBBBBBBBBBBBB
AAAAAAABBBBBBBBBBBBBBBBBB
AAAAAAABBBBBBBBBBBBBBBBBB
CCCCCCCCCCCCCCCCCCCCCCCCC
DDDDDDDDDDDDDDDDDDDDDDDDD
EEEEEEEEEEEEEEEEEEEEEEEEE
FFFFFFFFFFFFFFHHHHHHHHHHH
FFFFFFFFFFFFFFHHHHHHHHHHH
FFFFFFFFFFFFFFHHHHHHHHHHH
FFFFFFFFFFFFFFHHHHHHHHHHH
JJJJJJJJJJJJJJJJJJJJJJJJJ
GGGGGGGGGGGGGGIIIIIIIIIII
GGGGGGGGGGGGGGIIIIIIIIIII
GGGGGGGGGGGGGGIIIIIIIIIII
GGGGGGGGGGGGGGIIIIIIIIIII
GGGGGGGGGGGGGGIIIIIIIIIII
GGGGGGGGGGGGGGIIIIIIIIIII
GGGGGGGGGGGGGGIIIIIIIIIII
GGGGGGGGGGGGGGIIIIIIIIIII
GGGGGGGGGGGGGGIIIIIIIIIII
GGGGGGGGGGGGGGIIIIIIIIIII
GGGGGGGGGGGGGGIIIIIIIIIII
Case #49:
ABBCCDDEEFFGGHHIIJJKKLLMM
NNOOPPQQRRSSTTUUVVWWXXYYY
ZZZZZZZZZZZZZZZZZZZZZZZZZ
ZZZZZZZZZZZZZZZZZZZZZZZZZ
ZZZZZZZZZZZZZZZZZZZZZZZZZ
ZZZZZZZZZZZZZZZZZZZZZZZZZ
ZZZZZZZZZZZZZZZZZZZZZZZZZ
ZZZZZZZZZZZZZZZZZZZZZZZZZ
ZZZZZZZZZZZZZZZZZZZZZZZZZ
ZZZZZZZZZZZZZZZZZZZZZZZZZ
ZZZZZZZZZZZZZZZZZZZZZZZZZ
ZZZZZZZZZZZZZZZZZZZZZZZZZ
ZZZZZZZZZZZZZZZZZZZZZZZZZ
ZZZZZZZZZZZZZZZZZZZZZZZZZ
ZZZZZZZZZZZZZZZZZZZZZZZZZ
ZZZZZZZZZZZZZZZZZZZZZZZZZ
ZZZZZZZZZZZZZZZZZZZZZZZZZ
ZZZZZZZZZZZZZZZZZZZZZZZZZ
ZZZZZZZZZZZZZZZZZZZZZZZZZ
ZZZZZZZZZZZZZZZZZZZZZZZZZ
ZZZZZZZZZZZZZZZZZZZZZZZZZ
ZZZZZZZZZZZZZZZZZZZZZZZZZ
ZZZZZZZZZZZZZZZZZZZZZZZZZ
ZZZZZZZZZZZZZZZZZZZZZZZZZ
ZZZZZZZZZZZZZZZZZZZZZZZZZ
Case #50:
AAAAAAAAACCCCCCCCCCCCCCCC
AAAAAAAAACCCCCCCCCCCCCCCC
EEEEEEEEEEEEEEEEEEEEEEEEE
BBBBBBBBBDDDDDDDDDDDDDDDD
BBBBBBBBBDDDDDDDDDDDDDDDD
BBBBBBBBBDDDDDDDDDDDDDDDD
BBBBBBBBBDDDDDDDDDDDDDDDD
FFFFFFFFFFFFFFFGGGGGGGGGG
FFFFFFFFFFFFFFFGGGGGGGGGG
FFFFFFFFFFFFFFFGGGGGGGGGG
FFFFFFFFFFFFFFFGGGGGGGGGG
FFFFFFFFFFFFFFFGGGGGGGGGG
FFFFFFFFFFFFFFFGGGGGGGGGG
FFFFFFFFFFFFFFFGGGGGGGGGG
FFFFFFFFFFFFFFFGGGGGGGGGG
FFFFFFFFFFFFFFFGGGGGGGGGG
HHHHHHHHHHHHHHHHHHHHHHHHH
IIIIIIIIIIIIIIIIIIIIIIIII
JJJJJJJJJJJJJJJJJJJJJJJJJ
JJJJJJJJJJJJJJJJJJJJJJJJJ
JJJJJJJJJJJJJJJJJJJJJJJJJ
JJJJJJJJJJJJJJJJJJJJJJJJJ
JJJJJJJJJJJJJJJJJJJJJJJJJ
JJJJJJJJJJJJJJJJJJJJJJJJJ
JJJJJJJJJJJJJJJJJJJJJJJJJ
Case #51:
TTTTTSSSSSSSSSSSSSSSSSSSS
WWWWWWWWWWWWWWWWWWWWWWWWW
KKKKKKKKKKKKKKKKKKKKKKKKK
BBBBBBBBBBBBBBBBBBBBBBBBB
NNNNNNNNNNNNNNNNNNNNNNNNN
ZZZZZZZZZZZZZZZZZZZZZZZZZ
ZZZZZZZZZZZZZZZZZZZZZZZZZ
IIEEEEEEEEEEEEEEEEEEEEEEE
IIEEEEEEEEEEEEEEEEEEEEEEE
OOOOOOOOOOOOOOOOOOOOOOOOO
GGGGGGGGGGGGGGGGGGGGGGGGG
GGGGGGGGGGGGGGGGGGGGGGGGG
LLLLLLLLLLLLLCCCCCCCCCCCC
XXXXXXXXXXXXXXXXXXXXXXXXX
XXXXXXXXXXXXXXXXXXXXXXXXX
XXXXXXXXXXXXXXXXXXXXXXXXX
UUPPPPPPPPPPPPPPPPPPPPPPP
UUPPPPPPPPPPPPPPPPPPPPPPP
AAAAAAAAAAAAFFFVVVVVVVVVV
DDMMMMMMMMMMMMMMMMMMMMMMM
RRRRRRRRRRRRRRRRRRRRRRRRR
RRRRRRRRRRRRRRRRRRRRRRRRR
RRRRRRRRRRRRRRRRRRRRRRRRR
QQQQQQQQQQQQQQQHHHHHHHHHH
JJJJJJJJYYYYYYYYYYYYYYYYY
Case #52:
DDDDD
DDDDD
DDDDD
ABCCC
ABCCC
ABCCC
ABCCC
Case #53:
AAAAAAAAAAAAAAAAAAAAAAAAA
BBBBBBBBBBBBBBBBBBBBBBBBB
CCCCCCCCCCCCCCCCCCCCCCCCC
DDDDDDDDDDDDDDDDDDDDDDDDD
EEEEEEEEEEEEEEEEEEEEEEEEE
FFFFFFFFFFFFFFFFFFFFFFFFF
GGGGGGGGGGGGGGGGGGGGGGGGG
HHHHHHHHHHHHHHHHHHHHHHHHH
IIIIIIIIIIIIIIIIIIIIIIIII
JJJJJJJJJJJJJJJJJJJJJJJJJ
KKKKKKKKKKKKKKKKKKKKKKKKK
LLLLLLLLLLLLLLLLLLLLLLLLL
MMMMMMMMMMMMMMMMMMMMMMMMM
NNNNNNNNNNNNNNNNNNNNNNNNN
OOOOOOOOOOOOOOOOOOOOOOOOO
PPPPPPPPPPPPPPPPPPPPPPPPP
QQQQQQQQQQQQQQQQQQQQQQQQQ
RRRRRRRRRRRRRRRRRRRRRRRRR
SSSSSSSSSSSSSSSSSSSSSSSSS
TTTTTTTTTTTTTTTTTTTTTTTTT
UUUUUUUUUUUUUUUUUUUUUUUUU
VVVVVVVVVVVVVVVVVVVVVVVVV
WWWWWWWWWWWWWWWWWWWWWWWWW
XXXXXXXXXXXXXXXXXXXXXXXXX
YYYYYYYYYYYYYYYYYYYYYYYYY
Case #54:
AAAAAAAAAAAAAAAAAAAAAAAAA
BBBBBBBBBBBBBBBBBBBBBBBBB
CCCCCCCCCCCCCCCCCCCCCCCCC
DDDDDDDDDDDDDDDDDDDDDDDDD
EEEEEEEEEEEEEEEEEEEEEEEEE
FFFFFFFFFFFFFFFFFFFFFFFFF
GGGGGGGGGGGGGGGGGGGGGGGGG
HHHHHHHHHHHHHHHHHHHHHHHHH
IIIIIIIIIIIIIIIIIIIIIIIII
JJJJJJJJJJJJJJJJJJJJJJJJJ
KKKKKKKKKKKKKKKKKKKKKKKKK
LLLLLLLLLLLLLLLLLLLLLLLLL
MMMMMMMMMMMMMMMMMMMMMMMMM
NNNNNNNNNNNNNNNNNNNNNNNNN
OOOOOOOOOOOOOOOOOOOOOOOOO
PPPPPPPPPPPPPPPPPPPPPPPPP
QQQQQQQQQQQQQQQQQQQQQQQQQ
RRRRRRRRRRRRRRRRRRRRRRRRR
SSSSSSSSSSSSSSSSSSSSSSSSS
TTTTTTTTTTTTTTTTTTTTTTTTT
UUUUUUUUUUUUUUUUUUUUUUUUU
VVVVVVVVVVVVVVVVVVVVVVVVV
WWWWWWWWWWWWWWWWWWWWWWWWW
XXXXXXXXXXXXXXXXXXXXXXXXX
YYYYYYYYYYYYYYYYYYYYYYYYY
Case #55:
EFFFFF
CBBBBB
AAAAAA
DDDDDD
DDDDDD
DDDDDD
Case #56:
AAAAAAAACCCCCCCCCCCCCCCCC
AAAAAAAACCCCCCCCCCCCCCCCC
AAAAAAAACCCCCCCCCCCCCCCCC
AAAAAAAACCCCCCCCCCCCCCCCC
EEEEEEEEEEEEEEEEEEEEEEEEE
BBBBBBBBDDDDDDDDDDDDDDDDD
BBBBBBBBDDDDDDDDDDDDDDDDD
BBBBBBBBDDDDDDDDDDDDDDDDD
BBBBBBBBDDDDDDDDDDDDDDDDD
FFFFFFFFFFFFFGGGGGGGGGGGG
FFFFFFFFFFFFFGGGGGGGGGGGG
FFFFFFFFFFFFFGGGGGGGGGGGG
FFFFFFFFFFFFFGGGGGGGGGGGG
FFFFFFFFFFFFFGGGGGGGGGGGG
FFFFFFFFFFFFFGGGGGGGGGGGG
FFFFFFFFFFFFFGGGGGGGGGGGG
FFFFFFFFFFFFFGGGGGGGGGGGG
FFFFFFFFFFFFFGGGGGGGGGGGG
FFFFFFFFFFFFFGGGGGGGGGGGG
FFFFFFFFFFFFFGGGGGGGGGGGG
FFFFFFFFFFFFFGGGGGGGGGGGG
FFFFFFFFFFFFFGGGGGGGGGGGG
HHHHHHHHHHHHHHHHHHHHHHHHH
IIIIIIIIIIIIIIIIIIIIIIIII
JJJJJJJJJJJJJJJJJJJJJJJJJ
Case #57:
IIIIIIIIIIIIIIIIIIIIIIIII
WWWWWWWWWWWWWWWWWWWWWWWWW
WWWWWWWWWWWWWWWWWWWWWWWWW
UUUUUUQQQQQQQQQQQQQQQQQQQ
SSSSSSSSSSSSSSSSSSSSSSSSS
PPPPPMMMMMMMMMMMMMMMMBBBB
LLLLLLLLLLLLLLLLLLLLLLLLL
KKKKKKKKKKKKKKKKKKKKKKKKK
KKKKKKKKKKKKKKKKKKKKKKKKK
TTTTTTTTTTTTTTTTTTTTTTTTT
TTTTTTTTTTTTTTTTTTTTTTTTT
FFFFFFFFFFFFFFFFFFFFFFFFF
EEEEEEEEEEEEEEEEEEEEEEEEE
HHHHHHHHHHHHRRRRRRRRRRRRR
CCCCCCCCCCCCCCCCCCCCCCCCC
CCCCCCCCCCCCCCCCCCCCCCCCC
VVVVVVVNNNNNNNNNNNNNNNNNN
GGGGGGGXXXXXXXXXXXXXXXXXX
OOOOOOOOOYYYYYYYYYYYYYYYY
AAAAAAAAAAAAAAAAAAAAAAAAA
DDDDDDDDDDDDDDDDDDDDDDDDD
JJJJJJJJJJJJJJJJJJJJJJJJJ
JJJJJJJJJJJJJJJJJJJJJJJJJ
JJJJJJJJJJJJJJJJJJJJJJJJJ
Case #58:
AAAACCCCCCCCCCCCCCCCCCCCC
AAAACCCCCCCCCCCCCCCCCCCCC
AAAACCCCCCCCCCCCCCCCCCCCC
AAAACCCCCCCCCCCCCCCCCCCCC
EEEEEEEEEEEEEEEEEEEEEEEEE
BBBBDDDDDDDDDDDDDDDDDDDDD
BBBBDDDDDDDDDDDDDDDDDDDDD
BBBBDDDDDDDDDDDDDDDDDDDDD
BBBBDDDDDDDDDDDDDDDDDDDDD
FFFFFFFFFFFFFFFFFFFGGGGGG
FFFFFFFFFFFFFFFFFFFGGGGGG
FFFFFFFFFFFFFFFFFFFGGGGGG
FFFFFFFFFFFFFFFFFFFGGGGGG
FFFFFFFFFFFFFFFFFFFGGGGGG
FFFFFFFFFFFFFFFFFFFGGGGGG
FFFFFFFFFFFFFFFFFFFGGGGGG
HHHHHHHHHHHHHHHHHHHHHHHHH
IIIIIIIIIIIIIIIIIIIIIIIII
JJJJJJJJJJJJJJJJJJJJJJJJJ
JJJJJJJJJJJJJJJJJJJJJJJJJ
JJJJJJJJJJJJJJJJJJJJJJJJJ
JJJJJJJJJJJJJJJJJJJJJJJJJ
JJJJJJJJJJJJJJJJJJJJJJJJJ
JJJJJJJJJJJJJJJJJJJJJJJJJ
JJJJJJJJJJJJJJJJJJJJJJJJJ
Case #59:
ABCDEFGHIJKLMNOPQRSTUVWXY
ABCDEFGHIJKLMNOPQRSTUVWXY
ABCDEFGHIJKLMNOPQRSTUVWXY
ABCDEFGHIJKLMNOPQRSTUVWXY
ABCDEFGHIJKLMNOPQRSTUVWXY
ABCDEFGHIJKLMNOPQRSTUVWXY
ABCDEFGHIJKLMNOPQRSTUVWXY
ABCDEFGHIJKLMNOPQRSTUVWXY
ABCDEFGHIJKLMNOPQRSTUVWXY
ABCDEFGHIJKLMNOPQRSTUVWXY
ABCDEFGHIJKLMNOPQRSTUVWXY
ABCDEFGHIJKLMNOPQRSTUVWXY
ABCDEFGHIJKLMNOPQRSTUVWXY
ABCDEFGHIJKLMNOPQRSTUVWXY
ABCDEFGHIJKLMNOPQRSTUVWXY
ABCDEFGHIJKLMNOPQRSTUVWXY
ABCDEFGHIJKLMNOPQRSTUVWXY
ABCDEFGHIJKLMNOPQRSTUVWXY
ABCDEFGHIJKLMNOPQRSTUVWXY
ABCDEFGHIJKLMNOPQRSTUVWXY
ABCDEFGHIJKLMNOPQRSTUVWXY
ABCDEFGHIJKLMNOPQRSTUVWXY
ABCDEFGHIJKLMNOPQRSTUVWXY
ABCDEFGHIJKLMNOPQRSTUVWXY
ABCDEFGHIJKLMNOPQRSTUVWXY
Case #60:
AAA
AAA
AAA
BBB
Case #61:
AAAAAAAAAAAAAAAAAAAAACCCC
AAAAAAAAAAAAAAAAAAAAACCCC
AAAAAAAAAAAAAAAAAAAAACCCC
AAAAAAAAAAAAAAAAAAAAACCCC
AAAAAAAAAAAAAAAAAAAAACCCC
AAAAAAAAAAAAAAAAAAAAACCCC
AAAAAAAAAAAAAAAAAAAAACCCC
AAAAAAAAAAAAAAAAAAAAACCCC
AAAAAAAAAAAAAAAAAAAAACCCC
AAAAAAAAAAAAAAAAAAAAACCCC
AAAAAAAAAAAAAAAAAAAAACCCC
AAAAAAAAAAAAAAAAAAAAACCCC
EEEEEEEEEEEEEEEEEEEEEEEEE
BBBBBBBBBBBBBBBBBBBBBDDDD
BBBBBBBBBBBBBBBBBBBBBDDDD
BBBBBBBBBBBBBBBBBBBBBDDDD
BBBBBBBBBBBBBBBBBBBBBDDDD
BBBBBBBBBBBBBBBBBBBBBDDDD
BBBBBBBBBBBBBBBBBBBBBDDDD
BBBBBBBBBBBBBBBBBBBBBDDDD
BBBBBBBBBBBBBBBBBBBBBDDDD
BBBBBBBBBBBBBBBBBBBBBDDDD
BBBBBBBBBBBBBBBBBBBBBDDDD
BBBBBBBBBBBBBBBBBBBBBDDDD
BBBBBBBBBBBBBBBBBBBBBDDDD
Case #62:
IIIIIIIIIIIIIIIIIIIIIIIII
IIIIIIIIIIIIIIIIIIIIIIIII
IIIIIIIIIIIIIIIIIIIIIIIII
IIIIIIIIIIIIIIIIIIIIIIIII
IIIIIIIIIIIIIIIIIIIIIIIII
IIIIIIIIIIIIIIIIIIIIIIIII
IIIIIIIIIIIIIIIIIIIIIIIII
IIIIIIIIIIIIIIIIIIIIIIIII
IIIIIIIIIIIIIIIIIIIIIIIII
IIIIIIIIIIIIIIIIIIIIIIIII
IIIIIIIIIIIIIIIIIIIIIIIII
IIIIIIIIIIIIIIIIIIIIIIIII
NNNNNNNNNNNNNNNNNNNNNNNNN
PPPPPPPPPPPPPPPPPPPPPBJJJ
PPPPPPPPPPPPPPPPPPPPPBJJJ
UUUUUUUUUUUUUUUUUUUUUUUCC
FFFFFFFFFFFFFFFFFFFMMMMMM
TTTTTTTTTTTTTTTTYYYYYYYYY
WWWWWWWWWWWWWWWWEESAAAAAA
LLLLLLLLLLLLLLLLLLHHHHHHH
RRRRRRRRRRRRRRRRRRRRRRRRR
KKKKKKKKKKKKKKKKKKKKKKKKK
ZZZZZZZZZZZZZZZZZDDDDXXXX
QQQQQQQQQQQQQQQQQQQQQQQQQ
OOOOOOOOOOOOOOOOOOOOVGGGG
Case #63:
RJHOQ
EKKBF
NPSCU
GLDDD
TIMAA
Case #64:
UUUUUUUUUUUUUUUUUUUUUUUUU
HHHHLLLLLLLLLLLLLLLOOOOOO
JJJKKKKKKKKCCCCCCCCCCCCCC
FFFFFFFFFFFFFFFFFFFFFFFFF
YYYYYYYYYYYYYYYYYYYYYYYYY
PPPPPPPPPPPPPPPPPPPPPPPPP
ZZAAAAAAAAAAAAAAAAAAAAAAA
ZZAAAAAAAAAAAAAAAAAAAAAAA
NNNNNNNNNNNNNNNNNNNNNNNNN
EEEEEEEEEEEEEEEEEEEEEEEEE
EEEEEEEEEEEEEEEEEEEEEEEEE
TTRRRRRRRRRRRRRRRRRRRRRRR
TTRRRRRRRRRRRRRRRRRRRRRRR
MMMMMMMMMMXXXXXXXXXXXXXXX
MMMMMMMMMMXXXXXXXXXXXXXXX
VVVVVVVVVVVVVVVVVVVVVVVVV
VVVVVVVVVVVVVVVVVVVVVVVVV
SSSSSSSSSSSSSSSSSSSSSSSSS
SSSSSSSSSSSSSSSSSSSSSSSSS
DDDDDDDDDDDDDDDDDDDDDDDDD
DDDDDDDDDDDDDDDDDDDDDDDDD
DDDDDDDDDDDDDDDDDDDDDDDDD
IIIBBBBBBBBBBBBBBBBBBBBBB
QQQQQQQQQQQQQQQQQQQQQQQQQ
WWGGGGGGGGGGGGGGGGGGGGGGG
Case #65:
CCCC
BBBB
AAAA
AAAA
Case #66:
TTTFFFFFFFFFFFFFFFFFFFFFF
YYYYYYYYYYYYYYYYYYYYYYYYY
WWWWWWWWWWWWWWWWWWWWWWWWW
WWWWWWWWWWWWWWWWWWWWWWWWW
QQQQQQQQQQQQQQQQQQQQQQQQQ
BBBDDDDDDDDDDDDDDDDDDDDDD
PPPPPPPPPPPPPPPPPPPPPPPPP
SSSSSSAAAAAAAAAAAAAAAAAAA
SSSSSSAAAAAAAAAAAAAAAAAAA
CCCCCCCCCCCCCCCCCCCCCCCCC
MMMMMMMMMMMMMMMMMMMMMMMMM
ZZZZZZZZZZZZZZZZZZZZZZZZZ
EEEEEEUUUUUUUUUUUUUUUUUUU
IIIIIIIIIIIIIIIIIIIIIIIII
GGGGGGGGGGGGGGGGGGGGGGGGG
GGGGGGGGGGGGGGGGGGGGGGGGG
XXXXXXXXXXXXXXXXXXXXXXXXX
RRRRRRRRRRRRRRRRRRRRRRRRR
HHHHHHHHHHHHHHHHHHHHHHHHH
HHHHHHHHHHHHHHHHHHHHHHHHH
VVVVVVVVVVVVVVVVVNNNNNNNN
OOOOOOOOOLLLLLLLLLLLLLLLL
OOOOOOOOOLLLLLLLLLLLLLLLL
KKKKKJJJJJJJJJJJJJJJJJJJJ
KKKKKJJJJJJJJJJJJJJJJJJJJ
Case #67:
ABCDEFGHIJKLMNOPQRSTUVWXY
ABCDEFGHIJKLMNOPQRSTUVWXY
ABCDEFGHIJKLMNOPQRSTUVWXY
ABCDEFGHIJKLMNOPQRSTUVWXY
ABCDEFGHIJKLMNOPQRSTUVWXY
ABCDEFGHIJKLMNOPQRSTUVWXY
ABCDEFGHIJKLMNOPQRSTUVWXY
ABCDEFGHIJKLMNOPQRSTUVWXY
ABCDEFGHIJKLMNOPQRSTUVWXY
ABCDEFGHIJKLMNOPQRSTUVWXY
ABCDEFGHIJKLMNOPQRSTUVWXY
ABCDEFGHIJKLMNOPQRSTUVWXY
ABCDEFGHIJKLMNOPQRSTUVWXY
ABCDEFGHIJKLMNOPQRSTUVWXY
ABCDEFGHIJKLMNOPQRSTUVWXY
ABCDEFGHIJKLMNOPQRSTUVWXY
ABCDEFGHIJKLMNOPQRSTUVWXY
ABCDEFGHIJKLMNOPQRSTUVWXY
ABCDEFGHIJKLMNOPQRSTUVWXY
ABCDEFGHIJKLMNOPQRSTUVWXY
ABCDEFGHIJKLMNOPQRSTUVWXY
ABCDEFGHIJKLMNOPQRSTUVWXY
ABCDEFGHIJKLMNOPQRSTUVWXY
ABCDEFGHIJKLMNOPQRSTUVWXY
ABCDEFGHIJKLMNOPQRSTUVWXY
Case #68:
CCCCCMMMMMMMMMMMMMMMMMMM
AAAAAAAAAAAAAAAAAAAAAAAA
AAAAAAAAAAAAAAAAAAAAAAAA
GGGGGGGGGDDOOOOOOOOOOOOO
UUUUUUUUUUUTTTQQQQQQQQQQ
HHHHHHHLLLLLFFFFFFFFFFFF
HHHHHHHLLLLLFFFFFFFFFFFF
HHHHHHHLLLLLFFFFFFFFFFFF
XXXXXXXXXXXXXXXXXXXXXXXX
BBBBBRRRRRRRRRRRRRRRRRRR
BBBBBRRRRRRRRRRRRRRRRRRR
BBBBBRRRRRRRRRRRRRRRRRRR
NNNNNNNNNNNNNNNNNNNNNNNN
NNNNNNNNNNNNNNNNNNNNNNNN
WWWWWKKKKKKKKKKKKKKKKKKK
WWWWWKKKKKKKKKKKKKKKKKKK
WWWWWKKKKKKKKKKKKKKKKKKK
YYYYYYYYYYYYYYYYYYYYYYYY
IIIIIIIIIIIIIIIIIIIIIIII
IIIIIIIIIIIIIIIIIIIIIIII
EEEEEEEEEEEEEEEEEEEEEEEE
VVVVVVVVVVVVVVVVVVVVVVVV
PPPPPPPPPPPPPPPPPPPPPPPP
SSSSSSSSSSSSSSSSSSSSSSSS
JJJJJJJJJJJJJJJJJJJJJJJJ
Case #69:
DDDDDDDDDDDDDDDDDDDDDDDDD
DDDDDDDDDDDDDDDDDDDDDDDDD
DDDDDDDDDDDDDDDDDDDDDDDDD
DDDDDDDDDDDDDDDDDDDDDDDDD
DDDDDDDDDDDDDDDDDDDDDDDDD
DDDDDDDDDDDDDDDDDDDDDDDDD
DDDDDDDDDDDDDDDDDDDDDDDDD
DDDDDDDDDDDDDDDDDDDDDDDDD
OOOOOOOOOOOOOOOOOOOOOOOOO
OOOOOOOOOOOOOOOOOOOOOOOOO
TTTTTTUUUUUUUUUUUUUUUUUUU
ZZZZZZJJVVVNNGGGGGGGGGGGG
AAAAAAAAAAAAAEEQQQQQQQQQQ
AAAAAAAAAAAAAEEQQQQQQQQQQ
YYYYYXXXCPPPPPRRRRRRRRRRR
SSSSSSSKKKKKKKKKKKKKKKKKK
IIIIWWWWWWWWWWWWWWWWWWWWW
BBBBBBBBBBFFFFFFFFFFFFFFF
LLLLLLLLLLLLLLLLLLLLLLLLL
MMMMMMMMMMMMMMMMMMMMMMMMM
HHHHHHHHHHHHHHHHHHHHHHHHH
HHHHHHHHHHHHHHHHHHHHHHHHH
HHHHHHHHHHHHHHHHHHHHHHHHH
HHHHHHHHHHHHHHHHHHHHHHHHH
HHHHHHHHHHHHHHHHHHHHHHHHH
Case #70:
FIBBBBHDDDDEEJKMMGLLCCAAA
Case #71:
A
A
Case #72:
AA
Case #73:
JJJJJJJJJJJJJJJJJJJJJJJZZ
JJJJJJJJJJJJJJJJJJJJJJJZZ
JJJJJJJJJJJJJJJJJJJJJJJZZ
JJJJJJJJJJJJJJJJJJJJJJJZZ
JJJJJJJJJJJJJJJJJJJJJJJZZ
JJJJJJJJJJJJJJJJJJJJJJJZZ
JJJJJJJJJJJJJJJJJJJJJJJZZ
JJJJJJJJJJJJJJJJJJJJJJJZZ
JJJJJJJJJJJJJJJJJJJJJJJZZ
JJJJJJJJJJJJJJJJJJJJJJJZZ
JJJJJJJJJJJJJJJJJJJJJJJZZ
JJJJJJJJJJJJJJJJJJJJJJJZZ
XXXXXXXXXXXXXXXXXXXXXXXXX
XXXXXXXXXXXXXXXXXXXXXXXXX
BBBBBBBBBBBBBBBBBBDDTPPCC
MMMMMMMMMMMMMMMMMMMMMMMMM
SSSSSSSSSSSSSSSSSWWFRRRRR
SSSSSSSSSSSSSSSSSWWFRRRRR
QQQQQQQQQQQQQQQQQQQQQQHHH
QQQQQQQQQQQQQQQQQQQQQQHHH
AAAAAAAAAAAAAAAAAAAAAYYYY
IIIIIIIIIIIIIIIIEGGGGOOOO
KKKKKKKKKKKKKKKKKKKKLVVVV
UUUUUUUUUUUUUUUUUUUUUUUUU
NNNNNNNNNNNNNNNNNNNNNNNNN
Case #74:
A
Case #75:
AAAAAABBBBBBBBBBBBBBBBBBB
AAAAAABBBBBBBBBBBBBBBBBBB
AAAAAABBBBBBBBBBBBBBBBBBB
AAAAAABBBBBBBBBBBBBBBBBBB
AAAAAABBBBBBBBBBBBBBBBBBB
AAAAAABBBBBBBBBBBBBBBBBBB
AAAAAABBBBBBBBBBBBBBBBBBB
CCCCCCCCCCCCCCCCCCCCCCCCC
DDDDDDDDDDDDDDDDDDDDDDDDD
EEEEEEEEEEEEEEEEEEEEEEEEE
EEEEEEEEEEEEEEEEEEEEEEEEE
EEEEEEEEEEEEEEEEEEEEEEEEE
EEEEEEEEEEEEEEEEEEEEEEEEE
EEEEEEEEEEEEEEEEEEEEEEEEE
EEEEEEEEEEEEEEEEEEEEEEEEE
EEEEEEEEEEEEEEEEEEEEEEEEE
EEEEEEEEEEEEEEEEEEEEEEEEE
EEEEEEEEEEEEEEEEEEEEEEEEE
EEEEEEEEEEEEEEEEEEEEEEEEE
EEEEEEEEEEEEEEEEEEEEEEEEE
EEEEEEEEEEEEEEEEEEEEEEEEE
EEEEEEEEEEEEEEEEEEEEEEEEE
EEEEEEEEEEEEEEEEEEEEEEEEE
EEEEEEEEEEEEEEEEEEEEEEEEE
EEEEEEEEEEEEEEEEEEEEEEEEE
Case #76:
BA
Case #77:
ZZZZZZZZZZZZZZZZZZZZZZZZZ
ZZZZZZZZZZZZZZZZZZZZZZZZZ
ZZZZZZZZZZZZZZZZZZZZZZZZZ
ZZZZZZZZZZZZZZZZZZZZZZZZZ
ZZZZZZZZZZZZZZZZZZZZZZZZZ
ZZZZZZZZZZZZZZZZZZZZZZZZZ
ZZZZZZZZZZZZZZZZZZZZZZZZZ
ZZZZZZZZZZZZZZZZZZZZZZZZZ
ZZZZZZZZZZZZZZZZZZZZZZZZZ
ZZZZZZZZZZZZZZZZZZZZZZZZZ
ZZZZZZZZZZZZZZZZZZZZZZZZZ
KKKKKKKKKKKLRYYYYYYYYYYYY
PPPPPPPPPPPWIIIIIIIIIIIII
GGGGGGGGGGGGGDDDDDDDDDDDD
MMMMMMMMMEEEEEEEEAAAAAAAA
XXXXXXXXXXCCCNSSSSSSSSSSS
FFFFFFFFFFFJVVUUUUUUUUUUU
OOOOOOOOOOOOTTTTTTTTTTTTT
QQQQQQQQQQQQBBBBBBBBBBBBB
HHHHHHHHHHHHHHHHHHHHHHHHH
HHHHHHHHHHHHHHHHHHHHHHHHH
HHHHHHHHHHHHHHHHHHHHHHHHH
HHHHHHHHHHHHHHHHHHHHHHHHH
HHHHHHHHHHHHHHHHHHHHHHHHH
HHHHHHHHHHHHHHHHHHHHHHHHH
Case #78:
GGGGGGGGGGGGGGGGGGGGGGGGG
OOOOOOOOODDDDDDDDDDDDDDDD
ZZZZZZZZZZZZZZZZZZZZZZZZZ
ZZZZZZZZZZZZZZZZZZZZZZZZZ
LLLLLHHHHHHHHEEEEEEEEEEEE
LLLLLHHHHHHHHEEEEEEEEEEEE
BBBBBBBBBBBBBBBBBBBBBBBBB
BBBBBBBBBBBBBBBBBBBBBBBBB
VVVVVVVVVVVVVVVVVVVVVVVVV
VVVVVVVVVVVVVVVVVVVVVVVVV
UUUUUUUUAAAAAAAAAAAAAAAAA
WWWWWWWWWWWWWWWWWWWWWWWWW
WWWWWWWWWWWWWWWWWWWWWWWWW
WWWWWWWWWWWWWWWWWWWWWWWWW
SSSXXXXXXXXXXXXXXXXXXXXXX
NNNNNNNNNNTTTTTTTTTTTTTTT
NNNNNNNNNNTTTTTTTTTTTTTTT
PPPPPPPPPQQQQQQQQQQQQQQII
PPPPPPPPPQQQQQQQQQQQQQQII
YYYYYYYYYYYYYYYYYYYYYYYYY
YYYYYYYYYYYYYYYYYYYYYYYYY
RRRJJJJJJJJJJJJJJJJJJJJJJ
MMMMMMCCCCCCCFFFFFFFFFFFF
KKKKKKKKKKKKKKKKKKKKKKKKK
KKKKKKKKKKKKKKKKKKKKKKKKK
Case #79:
BC
AA
Case #80:
AAAAAAABBBBBBBBBBBBBBBBBB
AAAAAAABBBBBBBBBBBBBBBBBB
AAAAAAABBBBBBBBBBBBBBBBBB
AAAAAAABBBBBBBBBBBBBBBBBB
AAAAAAABBBBBBBBBBBBBBBBBB
AAAAAAABBBBBBBBBBBBBBBBBB
CCCCCCCCCCCCCCCCCCCCCCCCC
DDDDDDDDDDDDDDDDDDDDDDDDD
EEEEEEEEEEEEEEEEEEEEEEEEE
FFFFFFFFFFFFFFFFFHHHHHHHH
FFFFFFFFFFFFFFFFFHHHHHHHH
FFFFFFFFFFFFFFFFFHHHHHHHH
FFFFFFFFFFFFFFFFFHHHHHHHH
JJJJJJJJJJJJJJJJJJJJJJJJJ
GGGGGGGGGGGGGGGGGIIIIIIII
GGGGGGGGGGGGGGGGGIIIIIIII
GGGGGGGGGGGGGGGGGIIIIIIII
GGGGGGGGGGGGGGGGGIIIIIIII
GGGGGGGGGGGGGGGGGIIIIIIII
GGGGGGGGGGGGGGGGGIIIIIIII
GGGGGGGGGGGGGGGGGIIIIIIII
GGGGGGGGGGGGGGGGGIIIIIIII
GGGGGGGGGGGGGGGGGIIIIIIII
GGGGGGGGGGGGGGGGGIIIIIIII
GGGGGGGGGGGGGGGGGIIIIIIII
Case #81:
ABCDEFGHIJKLMNOPQRSTUVWXY
ABCDEFGHIJKLMNOPQRSTUVWXY
ABCDEFGHIJKLMNOPQRSTUVWXY
ABCDEFGHIJKLMNOPQRSTUVWXY
ABCDEFGHIJKLMNOPQRSTUVWXY
ABCDEFGHIJKLMNOPQRSTUVWXY
ABCDEFGHIJKLMNOPQRSTUVWXY
ABCDEFGHIJKLMNOPQRSTUVWXY
ABCDEFGHIJKLMNOPQRSTUVWXY
ABCDEFGHIJKLMNOPQRSTUVWXY
ABCDEFGHIJKLMNOPQRSTUVWXY
ABCDEFGHIJKLMNOPQRSTUVWXY
ABCDEFGHIJKLMNOPQRSTUVWXY
ABCDEFGHIJKLMNOPQRSTUVWXY
ABCDEFGHIJKLMNOPQRSTUVWXY
ABCDEFGHIJKLMNOPQRSTUVWXY
ABCDEFGHIJKLMNOPQRSTUVWXY
ABCDEFGHIJKLMNOPQRSTUVWXY
ABCDEFGHIJKLMNOPQRSTUVWXY
ABCDEFGHIJKLMNOPQRSTUVWXY
ABCDEFGHIJKLMNOPQRSTUVWXY
ABCDEFGHIJKLMNOPQRSTUVWXY
ABCDEFGHIJKLMNOPQRSTUVWXY
ABCDEFGHIJKLMNOPQRSTUVWXY
ABCDEFGHIJKLMNOPQRSTUVWXY
Case #82:
AAABBBBBBBBBBBBBBBBBBBBBB
AAABBBBBBBBBBBBBBBBBBBBBB
AAABBBBBBBBBBBBBBBBBBBBBB
AAABBBBBBBBBBBBBBBBBBBBBB
AAABBBBBBBBBBBBBBBBBBBBBB
CCCCCCCCCCCCCCCCCCCCCCCCC
DDDDDDDDDDDDDDDDDDDDDDDDD
EEEEEEEEEEEEEEEEEEEEEEEEE
FFFFFFFFFFFFFFFFFFHHHHHHH
FFFFFFFFFFFFFFFFFFHHHHHHH
FFFFFFFFFFFFFFFFFFHHHHHHH
FFFFFFFFFFFFFFFFFFHHHHHHH
FFFFFFFFFFFFFFFFFFHHHHHHH
FFFFFFFFFFFFFFFFFFHHHHHHH
JJJJJJJJJJJJJJJJJJJJJJJJJ
GGGGGGGGGGGGGGGGGGIIIIIII
GGGGGGGGGGGGGGGGGGIIIIIII
GGGGGGGGGGGGGGGGGGIIIIIII
GGGGGGGGGGGGGGGGGGIIIIIII
GGGGGGGGGGGGGGGGGGIIIIIII
GGGGGGGGGGGGGGGGGGIIIIIII
GGGGGGGGGGGGGGGGGGIIIIIII
GGGGGGGGGGGGGGGGGGIIIIIII
GGGGGGGGGGGGGGGGGGIIIIIII
GGGGGGGGGGGGGGGGGGIIIIIII
Case #83:
A
B
Case #84:
IIIIIIIIIIIIIIIIIIIIIIIII
IIIIIIIIIIIIIIIIIIIIIIIII
HHHHHHHHHHHHHHHHHHHHHHHHH
DDDDDDDDDDDDDDDDDDDDDDDDD
DDDDDDDDDDDDDDDDDDDDDDDDD
XXXXXXXXXXXXXXXXXXXXXRRRR
EECCCCCCCCCCCCCCCCCCCCCCC
GGGGGGGGGGGGMMMMMNNNNNNNN
VVVVVVVVVVVVVVVVVVVVVVVVV
SSSSSSSSSSSSSSSSSSSSSSSSS
SSSSSSSSSSSSSSSSSSSSSSSSS
SSSSSSSSSSSSSSSSSSSSSSSSS
PPPPPPPPPPPPPPPPPPPPPPPPP
OOOOOOOOOOOOOOOOOOOOOOOOO
OOOOOOOOOOOOOOOOOOOOOOOOO
OOOOOOOOOOOOOOOOOOOOOOOOO
OOOOOOOOOOOOOOOOOOOOOOOOO
BBJJJJJJJJJJJJJJJJJJJJJJJ
BBJJJJJJJJJJJJJJJJJJJJJJJ
TTTTTTTTTTTTTTTTTTTTTTTTT
AAAAWWWWWWWWQQQQQQQQQQQQQ
AAAAWWWWWWWWQQQQQQQQQQQQQ
ZZYKKKKKKKKKKKKKKKKKKFFFF
LLLLLLUUUUUUUUUUUUUUUUUUU
LLLLLLUUUUUUUUUUUUUUUUUUU
Case #85:
IIYYYYYYYYYYYYYYWWWWWWWWW
XXXXXXXXXXXXXXXXXXXXXXXXX
OOOOOOOOOOOOOOOOOOMMMMMMM
OOOOOOOOOOOOOOOOOOMMMMMMM
FFFFFFFFRRRRSSSSSSSSSSSSS
FFFFFFFFRRRRSSSSSSSSSSSSS
JJJJJJJJJJJJJJJJJJJJJJJJJ
VVVVVVVVVVVVVVVVVVVVVVVVV
KKKKKKKKKKKKKKKKKKKKKKKKK
LLLLLLLLLLLLLLLLLLLLLLLLL
LLLLLLLLLLLLLLLLLLLLLLLLL
NNNNNNNNNNNNNNNNNNNNNNNNN
EEEEEEEEEEEQQQQQQQQQQQQQQ
CCCCCCCCCCCCCCCCCCCCCCCCC
CCCCCCCCCCCCCCCCCCCCCCCCC
AAAAAAAAAAAAAAAAAADDDDDDD
HHHHHHHHHHHHHHHHHHHHHHHHH
HHHHHHHHHHHHHHHHHHHHHHHHH
ZZZZZZZZZZZZZZZZZZZZZZZZZ
UUUUUUUUUUUUUUUUUUUUUUUUU
TTTTTTTTTTTTTTTTTTTTTTTTT
PPPPPPPPPPPPPPPPPPPPPPPPP
BBBBBBBBBBBBBBBBBBBBBBBBB
GGGGGGGGGGGGGGGGGGGGGGGGG
GGGGGGGGGGGGGGGGGGGGGGGGG
Case #86:
AAAAA
AAAAA
AAAAA
Case #87:
WWWWWWWWWWWWWWWWWWWWWWWWW
WWWWWWWWWWWWWWWWWWWWWWWWW
WWWWWWWWWWWWWWWWWWWWWWWWW
WWWWWWWWWWWWWWWWWWWWWWWWW
WWWWWWWWWWWWWWWWWWWWWWWWW
WWWWWWWWWWWWWWWWWWWWWWWWW
WWWWWWWWWWWWWWWWWWWWWWWWW
WWWWWWWWWWWWWWWWWWWWWWWWW
WWWWWWWWWWWWWWWWWWWWWWWWW
WWWWWWWWWWWWWWWWWWWWWWWWW
WWWWWWWWWWWWWWWWWWWWWWWWW
WWWWWWWWWWWWWWWWWWWWWWWWW
VVVVVVVVVVVVVVVVVVVVVVVVV
VVVVVVVVVVVVVVVVVVVVVVVVV
VVVVVVVVVVVVVVVVVVVVVVVVV
EEEEEEEEEEEEEEEEEEEEEERRR
NNNNNNNNNNNNNNNNNNNNNNNNN
ZZZZZZZZZZZZZZZZZPPPPPPPP
KKKKKKKKKKKKKKKKKKKKKKKKK
IIIIIIIIIIIIIIIIIIIIILLLL
XXXXXXXXXXXXXXDQQQQSBBBJJ
YYYYYYYYYYYYYYYYYYYYYYYYY
HHHHHHHHHHHFFGGGCCCCCCCCC
OOOOOOOOOOOOOOOOOOOOOOOOO
MMMMMMMMMMMMMMMMMMAUUTTTT
Case #88:
AABBBBBBBBBBBBBBBBBBBBBBB
AABBBBBBBBBBBBBBBBBBBBBBB
AABBBBBBBBBBBBBBBBBBBBBBB
AABBBBBBBBBBBBBBBBBBBBBBB
AABBBBBBBBBBBBBBBBBBBBBBB
AABBBBBBBBBBBBBBBBBBBBBBB
AABBBBBBBBBBBBBBBBBBBBBBB
AABBBBBBBBBBBBBBBBBBBBBBB
AABBBBBBBBBBBBBBBBBBBBBBB
CCCCCCCCCCCCCCCCCCCCCCCCC
DDDDDDDDDDDDDDDDDDDDDDDDD
EEEEEEEEEEEEEEEEEEEEEEEEE
EEEEEEEEEEEEEEEEEEEEEEEEE
EEEEEEEEEEEEEEEEEEEEEEEEE
EEEEEEEEEEEEEEEEEEEEEEEEE
EEEEEEEEEEEEEEEEEEEEEEEEE
EEEEEEEEEEEEEEEEEEEEEEEEE
EEEEEEEEEEEEEEEEEEEEEEEEE
EEEEEEEEEEEEEEEEEEEEEEEEE
EEEEEEEEEEEEEEEEEEEEEEEEE
EEEEEEEEEEEEEEEEEEEEEEEEE
EEEEEEEEEEEEEEEEEEEEEEEEE
EEEEEEEEEEEEEEEEEEEEEEEEE
EEEEEEEEEEEEEEEEEEEEEEEEE
EEEEEEEEEEEEEEEEEEEEEEEEE
Case #89:
EEEEEEEEEEEEEEEEEEGGGGGGG
EEEEEEEEEEEEEEEEEEGGGGGGG
EEEEEEEEEEEEEEEEEEGGGGGGG
EEEEEEEEEEEEEEEEEEGGGGGGG
EEEEEEEEEEEEEEEEEEGGGGGGG
EEEEEEEEEEEEEEEEEEGGGGGGG
EEEEEEEEEEEEEEEEEEGGGGGGG
EEEEEEEEEEEEEEEEEEGGGGGGG
EEEEEEEEEEEEEEEEEEGGGGGGG
EEEEEEEEEEEEEEEEEEGGGGGGG
EEEEEEEEEEEEEEEEEEGGGGGGG
EEEEEEEEEEEEEEEEEEGGGGGGG
EEEEEEEEEEEEEEEEEEGGGGGGG
EEEEEEEEEEEEEEEEEEGGGGGGG
RRRRRRRRRRRRRRRRRRRRRRRRR
SSSSSSSSSSSSSSSSSSYIIIIII
JJJJJJJJJJJJJJJJJJJUTTTTT
MMMMMMMMMMMMMMHHHHHHHHHHH
XXXXXXXXXXXXXXXXXXXXLLLLL
FFFFFFFFFFFFFFQQQQQQQQQQQ
VVVVVVVVVVVVVKKKKKKZZPPPP
CCCCCCCCCCCCCCCCCCCCCOOOO
NNNNNNNNNNNNNNNNNNNNBBBBB
WWWWWWWWWWWWWWWWDDDAAAAAA
WWWWWWWWWWWWWWWWDDDAAAAAA
Case #90:
MMMMMMMMMMMMMMMMMMMMMMMMM
NNNNNNNNNNNNNNNNNNNNNNNNN
HHHHHHHHHHHHHHHHHHHHHHHHH
IIIIIRRRRRRRRRRRRRRRRRRRR
TTTTTTTTTTTTTTTTTTTTTTTTT
JJJJJJJJJJJJJJJJJJJJJJJJJ
JJJJJJJJJJJJJJJJJJJJJJJJJ
JJJJJJJJJJJJJJJJJJJJJJJJJ
VVVVVVVVVVVVVVVVVVVVVVVVV
VVVVVVVVVVVVVVVVVVVVVVVVV
AAAAAAAAAAAAAAAAAAAAAAAAA
GGGGGLLLLLLLLLLLLLLLLLLLL
FFDDDDDDDDDDDDCCCCCCCQQQQ
YYYYYYYYYYYYYYYYYYYYYYYYY
YYYYYYYYYYYYYYYYYYYYYYYYY
PZZZZZZZZZZZZZZZZZZZZZZZZ
PZZZZZZZZZZZZZZZZZZZZZZZZ
BBBBBBBBBBBBBBBBBBBBBBBBB
SSSSSSSSSSSSSSSSSSSSSSSSS
OOOOOOOOOOOOOOOOOOOOOOOOO
EEEEEEEXUUUUUUUUUUUUUUUUU
EEEEEEEXUUUUUUUUUUUUUUUUU
EEEEEEEXUUUUUUUUUUUUUUUUU
KKKKKKKKKKKKKKKKKKKKKKKKK
WWWWWWWWWWWWWWWWWWWWWWWWW
Case #91:
QQQQQQQQQQQQQQQQQRRRRRRRR
QQQQQQQQQQQQQQQQQRRRRRRRR
QQQQQQQQQQQQQQQQQRRRRRRRR
QQQQQQQQQQQQQQQQQRRRRRRRR
QQQQQQQQQQQQQQQQQRRRRRRRR
QQQQQQQQQQQQQQQQQRRRRRRRR
QQQQQQQQQQQQQQQQQRRRRRRRR
QQQQQQQQQQQQQQQQQRRRRRRRR
QQQQQQQQQQQQQQQQQRRRRRRRR
QQQQQQQQQQQQQQQQQRRRRRRRR
QQQQQQQQQQQQQQQQQRRRRRRRR
QQQQQQQQQQQQQQQQQRRRRRRRR
QQQQQQQQQQQQQQQQQRRRRRRRR
QQQQQQQQQQQQQQQQQRRRRRRRR
QQQQQQQQQQQQQQQQQRRRRRRRR
QQQQQQQQQQQQQQQQQRRRRRRRR
QQQQQQQQQQQQQQQQQRRRRRRRR
QQQQQQQQQQQQQQQQQRRRRRRRR
QQQQQQQQQQQQQQQQQRRRRRRRR
KKKKKKKKKKKKKKKKKKKKKKKKK
XXXXXXXXXXXXXXXXXXODFFFFF
JJJJJJJJJJJJJJJJJJJGCCCCC
HHHHHHHHHHHHHIEEEYYYAAAAA
VVVVVVVVVVVVVVVVTNNNNNNNN
LLLLLLLLLLLLLPUUMZBSWWWWW
Case #92:
AAACCCCCCCCCCCCCCCCCCCCCC
AAACCCCCCCCCCCCCCCCCCCCCC
AAACCCCCCCCCCCCCCCCCCCCCC
AAACCCCCCCCCCCCCCCCCCCCCC
AAACCCCCCCCCCCCCCCCCCCCCC
AAACCCCCCCCCCCCCCCCCCCCCC
AAACCCCCCCCCCCCCCCCCCCCCC
EEEEEEEEEEEEEEEEEEEEEEEEE
BBBDDDDDDDDDDDDDDDDDDDDDD
BBBDDDDDDDDDDDDDDDDDDDDDD
BBBDDDDDDDDDDDDDDDDDDDDDD
BBBDDDDDDDDDDDDDDDDDDDDDD
FFFFFFFFFFFFFFFFFFFGGGGGG
FFFFFFFFFFFFFFFFFFFGGGGGG
FFFFFFFFFFFFFFFFFFFGGGGGG
FFFFFFFFFFFFFFFFFFFGGGGGG
FFFFFFFFFFFFFFFFFFFGGGGGG
FFFFFFFFFFFFFFFFFFFGGGGGG
FFFFFFFFFFFFFFFFFFFGGGGGG
FFFFFFFFFFFFFFFFFFFGGGGGG
FFFFFFFFFFFFFFFFFFFGGGGGG
HHHHHHHHHHHHHHHHHHHHHHHHH
IIIIIIIIIIIIIIIIIIIIIIIII
JJJJJJJJJJJJJJJJJJJJJJJJJ
JJJJJJJJJJJJJJJJJJJJJJJJJ
Case #93:
SS
FT
FT
YY
QQ
JG
EL
ZP
HA
XX
VM
VM
RR
DW
NN
NN
NN
UU
BB
BB
II
CC
OK
OK
OK
Case #94:
ABBBBBBBBBBBBBBBBBBBBBBBB
ABBBBBBBBBBBBBBBBBBBBBBBB
ABBBBBBBBBBBBBBBBBBBBBBBB
ABBBBBBBBBBBBBBBBBBBBBBBB
ABBBBBBBBBBBBBBBBBBBBBBBB
ABBBBBBBBBBBBBBBBBBBBBBBB
CCCCCCCCCCCCCCCCCCCCCCCCC
DDDDDDDDDDDDDDDDDDDDDDDDD
EEEEEEEEEEEEEEEEEEEEEEEEE
FFFFFFFFFFFFFFFFFFFHHHHHH
FFFFFFFFFFFFFFFFFFFHHHHHH
FFFFFFFFFFFFFFFFFFFHHHHHH
FFFFFFFFFFFFFFFFFFFHHHHHH
FFFFFFFFFFFFFFFFFFFHHHHHH
FFFFFFFFFFFFFFFFFFFHHHHHH
FFFFFFFFFFFFFFFFFFFHHHHHH
FFFFFFFFFFFFFFFFFFFHHHHHH
FFFFFFFFFFFFFFFFFFFHHHHHH
FFFFFFFFFFFFFFFFFFFHHHHHH
FFFFFFFFFFFFFFFFFFFHHHHHH
JJJJJJJJJJJJJJJJJJJJJJJJJ
GGGGGGGGGGGGGGGGGGGIIIIII
GGGGGGGGGGGGGGGGGGGIIIIII
GGGGGGGGGGGGGGGGGGGIIIIII
GGGGGGGGGGGGGGGGGGGIIIIII
Case #95:
DDD
BBB
CCC
EEA
EEA
Case #96:
LLLLLLLLLLLLLLLLLLLLLLLLL
LLLLLLLLLLLLLLLLLLLLLLLLL
LLLLLLLLLLLLLLLLLLLLLLLLL
LLLLLLLLLLLLLLLLLLLLLLLLL
LLLLLLLLLLLLLLLLLLLLLLLLL
LLLLLLLLLLLLLLLLLLLLLLLLL
LLLLLLLLLLLLLLLLLLLLLLLLL
IIISVMMMMMMMMMMMMMMMMMMMM
YYYYNRRWWWWWWWWWWWWWWWWWW
YYYYNRRWWWWWWWWWWWWWWWWWW
KBEEPPUUUHHHHHHHHHHHHHHHH
GXXDDDOOOOOOOOOOOOOOOOOOO
TTTTTZJAAAAAAAAAAAAAAAAAA
FFFFCCCCCCCCCCCCCCCCCCCCC
QQQQQQQQQQQQQQQQQQQQQQQQQ
QQQQQQQQQQQQQQQQQQQQQQQQQ
QQQQQQQQQQQQQQQQQQQQQQQQQ
QQQQQQQQQQQQQQQQQQQQQQQQQ
QQQQQQQQQQQQQQQQQQQQQQQQQ
QQQQQQQQQQQQQQQQQQQQQQQQQ
QQQQQQQQQQQQQQQQQQQQQQQQQ
QQQQQQQQQQQQQQQQQQQQQQQQQ
QQQQQQQQQQQQQQQQQQQQQQQQQ
QQQQQQQQQQQQQQQQQQQQQQQQQ
QQQQQQQQQQQQQQQQQQQQQQQQQ
Case #97:
XXXXXXXXXXXXXXXXXXXXXXXXX
MMMMMMMMMMMMUUUUUUUUUUUUU
VVVVVVVVVVVVVVVVVVVVVVVVV
GGOOOOOOOOOOOOOOOOOOOOOOO
LLLLLLLLLLTTTTTTTTTAAAAAA
WWWWWWWWWWWWWWWWWWWWWWWWW
FFFFFFFYYYYYYYYYYYYYYYYYY
FFFFFFFYYYYYYYYYYYYYYYYYY
FFFFFFFYYYYYYYYYYYYYYYYYY
ZZZZZZZZZZZZZZZZZZZZZZZZZ
EEEEEEEEEEEEEEEEEECCCCCCC
EEEEEEEEEEEEEEEEEECCCCCCC
EEEEEEEEEEEEEEEEEECCCCCCC
KKKKKKKKKKKKKKKKKKKKKKKKK
JJJJJJJJJJJJJJJJJJJJJJJJJ
BBBBBBBBBBBBBBBBBBBBBBBBB
BBBBBBBBBBBBBBBBBBBBBBBBB
IIIIIIIIIIIIIIIIIIIIIIIII
QQQQQQQQQQQQQQQQQQQQQQQQQ
HHHHHHHHHDDDDDDDDDDDDDDDD
HHHHHHHHHDDDDDDDDDDDDDDDD
HHHHHHHHHDDDDDDDDDDDDDDDD
RRRRRRRRRRRRRRRRRRRRRRRRR
NNNNNNNNNNNNNNNNNNNNNNNNN
SSPPPPPPPPPPPPPPPPPPPPPPP
Case #98:
FFFFFFFFFFFFFFFFFFFFFFFFF
FFFFFFFFFFFFFFFFFFFFFFFFF
FFFFFFFFFFFFFFFFFFFFFFFFF
FFFFFFFFFFFFFFFFFFFFFFFFF
FFFFFFFFFFFFFFFFFFFFFFFFF
FFFFFFFFFFFFFFFFFFFFFFFFF
FFFFFFFFFFFFFFFFFFFFFFFFF
FFFFFFFFFFFFFFFFFFFFFFFFF
FFFFFFFFFFFFFFFFFFFFFFFFF
FFFFFFFFFFFFFFFFFFFFFFFFF
FFFFFFFFFFFFFFFFFFFFFFFFF
FFFFFFFFFFFFFFFFFFFFFFFFF
FFFFFFFFFFFFFFFFFFFFFFFFF
FFFFFFFFFFFFFFFFFFFFFFFFF
FFFFFFFFFFFFFFFFFFFFFFFFF
FFFFFFFFFFFFFFFFFFFFFFFFF
FFFFFFFFFFFFFFFFFFFFFFFFF
OOOOOOOOOOOOOOOOOOOOOOOOO
EEEEEEEEEEEEEEEEEEEEEEEEE
AAAAYGHHHHHHHHHHHHHHHHHHH
SSSSSMMTNNNNNNNNNNNNNNNNN
CCCUUUUUUBBBBBBBBBBBBBBBB
VVVWWWIDZLLLLLLLLLLLLLLLL
PPPPKKKKKKKKKKKKKKKKKKKKK
JJJJQRXXXXXXXXXXXXXXXXXXX
Case #99:
KKKK
KKKK
BBCJ
FEID
GGLH
AAAA
Case #100:
ACCCCCCCCCCCCCCCCCCCCCCCC
ACCCCCCCCCCCCCCCCCCCCCCCC
EEEEEEEEEEEEEEEEEEEEEEEEE
BDDDDDDDDDDDDDDDDDDDDDDDD
BDDDDDDDDDDDDDDDDDDDDDDDD
BDDDDDDDDDDDDDDDDDDDDDDDD
BDDDDDDDDDDDDDDDDDDDDDDDD
BDDDDDDDDDDDDDDDDDDDDDDDD
BDDDDDDDDDDDDDDDDDDDDDDDD
BDDDDDDDDDDDDDDDDDDDDDDDD
BDDDDDDDDDDDDDDDDDDDDDDDD
BDDDDDDDDDDDDDDDDDDDDDDDD
BDDDDDDDDDDDDDDDDDDDDDDDD
BDDDDDDDDDDDDDDDDDDDDDDDD
BDDDDDDDDDDDDDDDDDDDDDDDD
BDDDDDDDDDDDDDDDDDDDDDDDD
BDDDDDDDDDDDDDDDDDDDDDDDD
BDDDDDDDDDDDDDDDDDDDDDDDD
BDDDDDDDDDDDDDDDDDDDDDDDD
BDDDDDDDDDDDDDDDDDDDDDDDD
BDDDDDDDDDDDDDDDDDDDDDDDD
BDDDDDDDDDDDDDDDDDDDDDDDD
BDDDDDDDDDDDDDDDDDDDDDDDD
BDDDDDDDDDDDDDDDDDDDDDDDD
BDDDDDDDDDDDDDDDDDDDDDDDD
