Case #1:
GGG
CCC
JJJ
Case #2:
CODE
JJAM
JJAM
Case #3:
CA
KE
Case #4:
ABBCCDDEEFFF
Case #5:
ABCD
ABCD
ABCD
Case #6:
AAA
AAA
Case #7:
A
B
B
C
C
D
D
E
E
F
F
F
Case #8:
CBBB
EEEE
ADDD
Case #9:
FFB
AAA
DDC
EEE
Case #10:
ABCD
ABCD
ABCD
Case #11:
EDDD
CCCC
BAAA
Case #12:
BAA
BAA
Case #13:
ECDF
GAHH
BBBB
Case #14:
DDDD
EAAA
CBBB
Case #15:
AAAA
BBBB
CCCC
Case #16:
DCAG
BHEE
FFFF
Case #17:
FED
BCA
Case #18:
CCEE
BBBB
DAAA
Case #19:
DEGA
BFCC
HHHH
Case #20:
AAA
AAA
FDD
BCE
Case #21:
AAA
CBD
Case #22:
CFF
BAE
DDD
DDD
Case #23:
EEC
DAA
FFF
BBB
Case #24:
A
Case #25:
AAAA
BBBB
CCCC
Case #26:
AJG
BDF
ICH
EEE
Case #27:
ABB
CCC
DDD
EEF
Case #28:
CCC
CCC
EBA
GDF
Case #29:
CBB
AAA
Case #30:
BAAA
CCCC
DEEE
Case #31:
AEEB
DCCC
DCCC
Case #32:
DDD
FGH
ECA
BBB
Case #33:
CCCC
EAAB
DDDD
Case #34:
AABE
DDDD
CCCC
Case #35:
CCF
AEE
DBB
DBB
Case #36:
BACG
DDDF
EEEE
Case #37:
AAA
Case #38:
ABC
DDD
EEE
Case #39:
HHC
FDA
GBI
JJE
Case #40:
BBBB
AAAA
Case #41:
AC
BD
Case #42:
CEII
BJGD
FHAA
Case #43:
ACCC
EEEE
BDDF
Case #44:
GJBH
AECF
IDDD
Case #45:
AA
BB
CC
DD
EE
FF
Case #46:
HCG
LAE
KID
BFJ
Case #47:
AAAA
BBBB
CCCC
Case #48:
CCDD
EBBB
AAAA
Case #49:
ABB
ABB
CEE
DDF
Case #50:
HHHH
GDAA
FEBC
Case #51:
AA
AA
BB
BB
Case #52:
CFE
GAH
BDI
BDI
Case #53:
AB
Case #54:
GHII
DAEF
CBBB
Case #55:
HGCC
JDFB
AIEE
Case #56:
A
A
Case #57:
CAE
DDB
FFF
FFF
Case #58:
AAAA
DCEE
BBBB
Case #59:
CBD
EAA
Case #60:
BBB
DDD
AAE
CCC
Case #61:
CAE
BBD
BBD
BBD
Case #62:
ADD
BBB
CEE
Case #63:
AA
AA
Case #64:
ABBCCC
DDEEFF
Case #65:
AAAG
FFBD
CCHE
Case #66:
B
A
Case #67:
ABBB
CCDD
EFFF
Case #68:
KIA
HGL
DEC
FBJ
Case #69:
ABB
CCC
DEE
FFF
Case #70:
DJBE
FAHG
IKCC
Case #71:
AAFE
BKCD
GHJI
Case #72:
CBA
Case #73:
AAAA
EBBB
CCCD
Case #74:
ECC
ECC
AFB
DDD
Case #75:
ELAG
KJFC
IBDH
Case #76:
HBD
EAG
FCC
FCC
Case #77:
AC
BB
Case #78:
AAB
FFF
FFF
CDE
Case #79:
BEH
AID
CGF
CGF
Case #80:
AA
BB
BB
BB
CE
DD
Case #81:
CEDF
KGHI
BBAJ
Case #82:
AAB
Case #83:
CCCC
DBBB
AAEE
Case #84:
ABCD
ABCD
ABCD
Case #85:
AAAA
BBBB
CCCC
Case #86:
DDDD
ECCC
BAAA
Case #87:
ECC
FFF
DBB
AAA
Case #88:
BBB
FAD
CCC
EEE
Case #89:
AAAA
CCBD
EEEE
Case #90:
AB
AB
Case #91:
DDK
CJF
GEB
IHA
Case #92:
GGB
ACD
JKE
IFH
Case #93:
EEEA
EEEA
DBCC
Case #94:
CCJJ
CCJJ
CCJJ
Case #95:
FCE
DDD
BAA
BAA
Case #96:
DFB
HCJ
EIG
AAA
Case #97:
BBD
FFF
CEE
AAA
Case #98:
AA
Case #99:
BBB
EFF
CAA
DDD
Case #100:
FFC
ADD
EEE
BBB
