Case #1: CAB
Case #2: MJA
Case #3: OCDE
Case #4: BBAAA
Case #5: CCCABBBAB
Case #6: CCCBAABAB
Case #7: ZXCASDQWE
Case #8: A
Case #9: CCCBAABAAABAAAA
Case #10: CCBBBBBAAAABA
Case #11: CBA
Case #12: CCCCCBBAABBBBAA
Case #13: MMKIEBALJHGFDCA
Case #14: BAAA
Case #15: CCCCBBABBABABBA
Case #16: CBAABABBBBBBABB
Case #17: CCCCCAAAABBBBAB
Case #18: CBBBBBBBAAAAA
Case #19: BAA
Case #20: MMLJIHDCABEFGKA
Case #21: CCCBBBBBABABABA
Case #22: CBA
Case #23: BBA
Case #24: CCCCCCCCBABBBBA
Case #25: CCCCCBBBBBAAAAA
Case #26: BA
Case #27: CCCCCCCCCBABAAB
Case #28: ZABYCXDWEU
Case #29: ZAAAA
Case #30: CCCCCABBBBBAAAA
Case #31: CAB
Case #32: CCCCCBBBBBAAAAA
Case #33: AA
Case #34: CCCCCBBBABABAAA
Case #35: XMRGVFHWJLNLVHW
Case #36: BA
Case #37: CCCCCAAAABBBBBA
Case #38: OMNAKJIHEFGDCBL
Case #39: BAAA
Case #40: CCCCBBBBBAABABA
Case #41: DCCCBAAAAABBB
Case #42: ZAYBXCWDUE
Case #43: ZDCBA
Case #44: OKJIHBEFGCADMLN
Case #45: DCCCCBBBABAAAA
Case #46: ONMGBLFIJKEAHCD
Case #47: CCCCCBBBBBAAAAA
Case #48: CCBBABBABABABAB
Case #49: CCCCCCCCBABBBBB
Case #50: ZABCD
Case #51: BBA
Case #52: CCCCCBBBBBAAAAA
Case #53: MMAKJGFEABCDHIL
Case #54: ZACBA
Case #55: Z
Case #56: ONMAFDEHGKIJCLB
Case #57: OMLIKFJHCGADEBN
Case #58: CCCCCBBAABBABBA
Case #59: CCCCCBBBBAAAAAB
Case #60: OEBAKDGCIHFJMNL
Case #61: BAAA
Case #62: ZADBC
Case #63: DCBBBBBAAAAAA
Case #64: CCCCCCBABABBBBB
Case #65: CCCCCBBBBBAAAAA
Case #66: MMLKJGFDABCEHIA
Case #67: OMCNKGIDJFEHLBA
Case #68: YXKSDTBKBMFJPFF
Case #69: DCCBAAABAAAAA
Case #70: RRBAACADABA
Case #71: CBA
Case #72: DCBBBBAAAAAABC
Case #73: BAAA
Case #74: OKBLMHIECFDJGNA
Case #75: AAA
Case #76: MMAGHJKLAIFEDCB
Case #77: ZEDCBAYXWU
Case #78: BAA
Case #79: CCCCBBAABBABBBA
Case #80: CCCBBBABABBAAA
Case #81: ZDABC
Case #82: ONLKIGCDFABJEHM
Case #83: BAA
Case #84: CBBBBBAAAAAAAA
Case #85: BBA
Case #86: BB
Case #87: MMLKIFDCAJHGEBA
Case #88: BBB
Case #89: BBBBBAAAAAAAA
Case #90: CBA
Case #91: CCBAAABBAABAB
Case #92: CCCCCBBBBABBABA
Case #93: CCCCCABBBBBAAAA
Case #94: ZWMDDDDHVYHTHTM
Case #95: CCCBAABBBBBBBAB
Case #96: CCCCBBBAABBBAAA
Case #97: VTQQLGHRHPHSJJT
Case #98: ONMLKJICBAGFEHD
Case #99: CCCCBAAAAABBBAA
Case #100: VVVKFKSPJHFRMND
