Case #1: 3 4 6
Case #2: 4 7
Case #3: 17 18 22 23 27 31 35 38 42
Case #4: 62 82 96 121 144 161 170 176 184 203
Case #5: 1 4 5 6 8 9 11 12 15 19
Case #6: 9 11 13 14 16 19 21 23
Case #7: 9 14 17 20 21 22 24
Case #8: 2 4
Case #9: 9 11 14 16 18 19 22
Case #10: 22 222
Case #11: 5 7 8 9
Case #12: 9 11 19
Case #13: 4 8
Case #14: 10 14 15 20 24
Case #15: 1 2 3 4
Case #16: 22 25 28 31 36 39 42
Case #17: 4 6 9 14
Case #18: 1 2 5
Case #19: 6 7 8 9 10 11 12
Case #20: 6 12 14
Case #21: 75 89 114 131 151 170 185
Case #22: 2 22
Case #23: 5 9 12 13
Case #24: 3 5 9 13
Case #25: 3 4 5
Case #26: 9 16 19 24 28 31
Case #27: 12 15 16 19 26 27 31
Case #28: 21 22 23 24 25 26 27 28 29 30
Case #29: 3 4 5 6 7 8 9 10 11 12
Case #30: 14 16 17 19 20 23 24 25 28 30
Case #31: 2 6
Case #32: 46 48 51 52 54 56 59 61 62 64
Case #33: 6 7 10 11 15
Case #34: 13 14 15 16
Case #35: 5 10 14 17 19 20 31
Case #36: 13 16 23 27 30 34 38 39 41 44
Case #37: 2 3 4
Case #38: 5 7 8 10 11 14 15 16 17
Case #39: 47 77 102 111
Case #40: 8 10 12 13
Case #41: 19 22 28 30 35 40 43 47 54
Case #42: 5 8 9 11 12 14 15
Case #43: 4 11 18 25 32 39 46
Case #44: 15 20 24 27 31
Case #45: 16 17 21 27 30 31 34 35 37 40
Case #46: 1 2 3
Case #47: 13 14 20 24 26 27 31 34 37 39
Case #48: 6 8
Case #49: 9 15 16 21 26 31 35
Case #50: 2 6
